{"/home/redcode/Documentos/Proyecto Desarrollo/logrod_backend/src/app.js": {"path":"/home/redcode/Documentos/Proyecto Desarrollo/logrod_backend/src/app.js","statementMap":{"0":{"start":{"line":12,"column":12},"end":{"line":12,"column":21}},"1":{"start":{"line":15,"column":0},"end":{"line":15,"column":null}},"2":{"start":{"line":16,"column":0},"end":{"line":16,"column":null}},"3":{"start":{"line":17,"column":0},"end":{"line":17,"column":null}},"4":{"start":{"line":18,"column":0},"end":{"line":18,"column":null}},"5":{"start":{"line":19,"column":0},"end":{"line":19,"column":null}},"6":{"start":{"line":21,"column":0},"end":{"line":23,"column":null}},"7":{"start":{"line":22,"column":2},"end":{"line":22,"column":null}},"8":{"start":{"line":26,"column":0},"end":{"line":26,"column":null}},"9":{"start":{"line":29,"column":0},"end":{"line":29,"column":null}},"10":{"start":{"line":32,"column":0},"end":{"line":32,"column":null}}},"fnMap":{},"branchMap":{"0":{"loc":{"start":{"line":21,"column":0},"end":{"line":23,"column":null}},"type":"if","locations":[{"start":{"line":21,"column":0},"end":{"line":23,"column":null}},{"start":{},"end":{}}],"line":21}},"s":{"0":8,"1":8,"2":8,"3":8,"4":8,"5":8,"6":8,"7":0,"8":8,"9":8,"10":8},"f":{},"b":{"0":[0,8]},"meta":{"lastBranch":1,"lastFunction":0,"lastStatement":11,"seen":{"s:12:12:12:21":0,"s:15:0:15:Infinity":1,"s:16:0:16:Infinity":2,"s:17:0:17:Infinity":3,"s:18:0:18:Infinity":4,"s:19:0:19:Infinity":5,"b:21:0:23:Infinity:undefined:undefined:undefined:undefined":0,"s:21:0:23:Infinity":6,"s:22:2:22:Infinity":7,"s:26:0:26:Infinity":8,"s:29:0:29:Infinity":9,"s:32:0:32:Infinity":10},"fnNames":{}}}
,"/home/redcode/Documentos/Proyecto Desarrollo/logrod_backend/src/config/database.js": {"path":"/home/redcode/Documentos/Proyecto Desarrollo/logrod_backend/src/config/database.js","statementMap":{"0":{"start":{"line":4,"column":0},"end":{"line":6,"column":null}},"1":{"start":{"line":5,"column":2},"end":{"line":5,"column":null}},"2":{"start":{"line":8,"column":18},"end":{"line":17,"column":2}}},"fnMap":{},"branchMap":{"0":{"loc":{"start":{"line":4,"column":0},"end":{"line":6,"column":null}},"type":"if","locations":[{"start":{"line":4,"column":0},"end":{"line":6,"column":null}},{"start":{},"end":{}}],"line":4},"1":{"loc":{"start":{"line":10,"column":11},"end":{"line":10,"column":65}},"type":"cond-expr","locations":[{"start":{"line":10,"column":46},"end":{"line":10,"column":57}},{"start":{"line":10,"column":60},"end":{"line":10,"column":65}}],"line":10},"2":{"loc":{"start":{"line":12,"column":9},"end":{"line":15,"column":null}},"type":"cond-expr","locations":[{"start":{"line":12,"column":87},"end":{"line":15,"column":5}},{"start":{"line":15,"column":8},"end":{"line":15,"column":null}}],"line":12},"3":{"loc":{"start":{"line":12,"column":9},"end":{"line":12,"column":84}},"type":"binary-expr","locations":[{"start":{"line":12,"column":9},"end":{"line":12,"column":40}},{"start":{"line":12,"column":44},"end":{"line":12,"column":84}}],"line":12}},"s":{"0":0,"1":0,"2":0},"f":{},"b":{"0":[0,0],"1":[0,0],"2":[0,0],"3":[0,0]},"meta":{"lastBranch":4,"lastFunction":0,"lastStatement":3,"seen":{"b:4:0:6:Infinity:undefined:undefined:undefined:undefined":0,"s:4:0:6:Infinity":0,"s:5:2:5:Infinity":1,"s:8:18:17:2":2,"b:10:46:10:57:10:60:10:65":1,"b:12:87:15:5:15:8:15:Infinity":2,"b:12:9:12:40:12:44:12:84":3},"fnNames":{}}}
,"/home/redcode/Documentos/Proyecto Desarrollo/logrod_backend/src/config/env.js": {"path":"/home/redcode/Documentos/Proyecto Desarrollo/logrod_backend/src/config/env.js","statementMap":{"0":{"start":{"line":3,"column":0},"end":{"line":3,"column":null}},"1":{"start":{"line":5,"column":22},"end":{"line":23,"column":null}}},"fnMap":{},"branchMap":{"0":{"loc":{"start":{"line":6,"column":8},"end":{"line":6,"column":null}},"type":"binary-expr","locations":[{"start":{"line":6,"column":8},"end":{"line":6,"column":28}},{"start":{"line":6,"column":28},"end":{"line":6,"column":null}}],"line":6},"1":{"loc":{"start":{"line":7,"column":2},"end":{"line":7,"column":null}},"type":"binary-expr","locations":[{"start":{"line":7,"column":2},"end":{"line":7,"column":35}},{"start":{"line":7,"column":35},"end":{"line":7,"column":null}}],"line":7},"2":{"loc":{"start":{"line":8,"column":14},"end":{"line":8,"column":null}},"type":"binary-expr","locations":[{"start":{"line":8,"column":14},"end":{"line":8,"column":41}},{"start":{"line":8,"column":41},"end":{"line":8,"column":null}}],"line":8},"3":{"loc":{"start":{"line":14,"column":12},"end":{"line":14,"column":null}},"type":"binary-expr","locations":[{"start":{"line":14,"column":12},"end":{"line":14,"column":37}},{"start":{"line":14,"column":37},"end":{"line":14,"column":null}}],"line":14},"4":{"loc":{"start":{"line":16,"column":15},"end":{"line":16,"column":null}},"type":"binary-expr","locations":[{"start":{"line":16,"column":15},"end":{"line":16,"column":44}},{"start":{"line":16,"column":44},"end":{"line":16,"column":null}}],"line":16},"5":{"loc":{"start":{"line":17,"column":12},"end":{"line":17,"column":null}},"type":"binary-expr","locations":[{"start":{"line":17,"column":12},"end":{"line":17,"column":37}},{"start":{"line":17,"column":37},"end":{"line":17,"column":null}}],"line":17},"6":{"loc":{"start":{"line":18,"column":21},"end":{"line":18,"column":53}},"type":"binary-expr","locations":[{"start":{"line":18,"column":21},"end":{"line":18,"column":46}},{"start":{"line":18,"column":46},"end":{"line":18,"column":53}}],"line":18},"7":{"loc":{"start":{"line":19,"column":12},"end":{"line":19,"column":null}},"type":"binary-expr","locations":[{"start":{"line":19,"column":12},"end":{"line":19,"column":37}},{"start":{"line":19,"column":37},"end":{"line":19,"column":null}}],"line":19},"8":{"loc":{"start":{"line":20,"column":12},"end":{"line":20,"column":null}},"type":"binary-expr","locations":[{"start":{"line":20,"column":12},"end":{"line":20,"column":37}},{"start":{"line":20,"column":37},"end":{"line":20,"column":null}}],"line":20},"9":{"loc":{"start":{"line":21,"column":13},"end":{"line":21,"column":null}},"type":"binary-expr","locations":[{"start":{"line":21,"column":13},"end":{"line":21,"column":39}},{"start":{"line":21,"column":39},"end":{"line":21,"column":null}}],"line":21},"10":{"loc":{"start":{"line":22,"column":15},"end":{"line":22,"column":null}},"type":"binary-expr","locations":[{"start":{"line":22,"column":15},"end":{"line":22,"column":43}},{"start":{"line":22,"column":43},"end":{"line":22,"column":null}}],"line":22}},"s":{"0":9,"1":9},"f":{},"b":{"0":[9,9],"1":[9,0],"2":[9,9],"3":[9,9],"4":[9,9],"5":[9,9],"6":[9,9],"7":[9,9],"8":[9,9],"9":[9,9],"10":[9,9]},"meta":{"lastBranch":11,"lastFunction":0,"lastStatement":2,"seen":{"s:3:0:3:Infinity":0,"s:5:22:23:Infinity":1,"b:6:8:6:28:6:28:6:Infinity":0,"b:7:2:7:35:7:35:7:Infinity":1,"b:8:14:8:41:8:41:8:Infinity":2,"b:14:12:14:37:14:37:14:Infinity":3,"b:16:15:16:44:16:44:16:Infinity":4,"b:17:12:17:37:17:37:17:Infinity":5,"b:18:21:18:46:18:46:18:53":6,"b:19:12:19:37:19:37:19:Infinity":7,"b:20:12:20:37:20:37:20:Infinity":8,"b:21:13:21:39:21:39:21:Infinity":9,"b:22:15:22:43:22:43:22:Infinity":10},"fnNames":{}}}
,"/home/redcode/Documentos/Proyecto Desarrollo/logrod_backend/src/config/s3Storage.js": {"path":"/home/redcode/Documentos/Proyecto Desarrollo/logrod_backend/src/config/s3Storage.js","statementMap":{"0":{"start":{"line":4,"column":0},"end":{"line":6,"column":null}},"1":{"start":{"line":5,"column":2},"end":{"line":5,"column":null}},"2":{"start":{"line":8,"column":17},"end":{"line":18,"column":8}}},"fnMap":{},"branchMap":{"0":{"loc":{"start":{"line":4,"column":0},"end":{"line":6,"column":null}},"type":"if","locations":[{"start":{"line":4,"column":0},"end":{"line":6,"column":null}},{"start":{},"end":{}}],"line":4},"1":{"loc":{"start":{"line":4,"column":4},"end":{"line":4,"column":76}},"type":"binary-expr","locations":[{"start":{"line":4,"column":4},"end":{"line":4,"column":22}},{"start":{"line":4,"column":26},"end":{"line":4,"column":47}},{"start":{"line":4,"column":51},"end":{"line":4,"column":76}}],"line":4},"2":{"loc":{"start":{"line":8,"column":17},"end":{"line":18,"column":8}},"type":"cond-expr","locations":[{"start":{"line":9,"column":4},"end":{"line":17,"column":null}},{"start":{"line":18,"column":4},"end":{"line":18,"column":8}}],"line":8},"3":{"loc":{"start":{"line":8,"column":17},"end":{"line":8,"column":null}},"type":"binary-expr","locations":[{"start":{"line":8,"column":17},"end":{"line":8,"column":34}},{"start":{"line":8,"column":38},"end":{"line":8,"column":58}},{"start":{"line":8,"column":62},"end":{"line":8,"column":null}}],"line":8}},"s":{"0":8,"1":8,"2":8},"f":{},"b":{"0":[8,0],"1":[8,0,0],"2":[0,8],"3":[8,0,0]},"meta":{"lastBranch":4,"lastFunction":0,"lastStatement":3,"seen":{"b:4:0:6:Infinity:undefined:undefined:undefined:undefined":0,"s:4:0:6:Infinity":0,"b:4:4:4:22:4:26:4:47:4:51:4:76":1,"s:5:2:5:Infinity":1,"s:8:17:18:8":2,"b:9:4:17:Infinity:18:4:18:8":2,"b:8:17:8:34:8:38:8:58:8:62:8:Infinity":3},"fnNames":{}}}
,"/home/redcode/Documentos/Proyecto Desarrollo/logrod_backend/src/controllers/authController.js": {"path":"/home/redcode/Documentos/Proyecto Desarrollo/logrod_backend/src/controllers/authController.js","statementMap":{"0":{"start":{"line":9,"column":19},"end":{"line":9,"column":75}},"1":{"start":{"line":11,"column":21},"end":{"line":103,"column":1}},"2":{"start":{"line":12,"column":2},"end":{"line":102,"column":null}},"3":{"start":{"line":13,"column":32},"end":{"line":13,"column":40}},"4":{"start":{"line":15,"column":4},"end":{"line":20,"column":null}},"5":{"start":{"line":16,"column":6},"end":{"line":19,"column":null}},"6":{"start":{"line":22,"column":15},"end":{"line":29,"column":6}},"7":{"start":{"line":31,"column":15},"end":{"line":31,"column":24}},"8":{"start":{"line":33,"column":4},"end":{"line":57,"column":null}},"9":{"start":{"line":34,"column":6},"end":{"line":41,"column":null}},"10":{"start":{"line":43,"column":6},"end":{"line":56,"column":null}},"11":{"start":{"line":44,"column":22},"end":{"line":44,"column":53}},"12":{"start":{"line":45,"column":8},"end":{"line":55,"column":null}},"13":{"start":{"line":46,"column":10},"end":{"line":46,"column":null}},"14":{"start":{"line":47,"column":15},"end":{"line":55,"column":null}},"15":{"start":{"line":48,"column":10},"end":{"line":48,"column":null}},"16":{"start":{"line":49,"column":15},"end":{"line":55,"column":null}},"17":{"start":{"line":50,"column":10},"end":{"line":50,"column":null}},"18":{"start":{"line":51,"column":15},"end":{"line":55,"column":null}},"19":{"start":{"line":52,"column":10},"end":{"line":52,"column":null}},"20":{"start":{"line":54,"column":10},"end":{"line":54,"column":null}},"21":{"start":{"line":59,"column":4},"end":{"line":64,"column":null}},"22":{"start":{"line":60,"column":6},"end":{"line":63,"column":null}},"23":{"start":{"line":66,"column":20},"end":{"line":66,"column":68}},"24":{"start":{"line":67,"column":4},"end":{"line":72,"column":null}},"25":{"start":{"line":68,"column":6},"end":{"line":71,"column":null}},"26":{"start":{"line":74,"column":18},"end":{"line":85,"column":5}},"27":{"start":{"line":87,"column":21},"end":{"line":87,"column":34}},"28":{"start":{"line":88,"column":4},"end":{"line":88,"column":null}},"29":{"start":{"line":90,"column":4},"end":{"line":98,"column":null}},"30":{"start":{"line":101,"column":4},"end":{"line":101,"column":null}},"31":{"start":{"line":108,"column":30},"end":{"line":175,"column":1}},"32":{"start":{"line":109,"column":2},"end":{"line":174,"column":null}},"33":{"start":{"line":110,"column":22},"end":{"line":110,"column":30}},"34":{"start":{"line":111,"column":4},"end":{"line":116,"column":null}},"35":{"start":{"line":112,"column":6},"end":{"line":115,"column":null}},"36":{"start":{"line":118,"column":23},"end":{"line":118,"column":49}},"37":{"start":{"line":121,"column":15},"end":{"line":121,"column":83}},"38":{"start":{"line":123,"column":4},"end":{"line":125,"column":null}},"39":{"start":{"line":124,"column":6},"end":{"line":124,"column":null}},"40":{"start":{"line":128,"column":4},"end":{"line":133,"column":null}},"41":{"start":{"line":129,"column":6},"end":{"line":132,"column":null}},"42":{"start":{"line":136,"column":14},"end":{"line":136,"column":39}},"43":{"start":{"line":137,"column":21},"end":{"line":137,"column":48}},"44":{"start":{"line":138,"column":16},"end":{"line":138,"column":26}},"45":{"start":{"line":140,"column":4},"end":{"line":149,"column":null}},"46":{"start":{"line":142,"column":6},"end":{"line":142,"column":null}},"47":{"start":{"line":143,"column":6},"end":{"line":143,"column":60}},"48":{"start":{"line":145,"column":6},"end":{"line":148,"column":null}},"49":{"start":{"line":151,"column":4},"end":{"line":155,"column":null}},"50":{"start":{"line":152,"column":6},"end":{"line":152,"column":null}},"51":{"start":{"line":153,"column":6},"end":{"line":153,"column":null}},"52":{"start":{"line":154,"column":6},"end":{"line":154,"column":null}},"53":{"start":{"line":158,"column":4},"end":{"line":166,"column":null}},"54":{"start":{"line":159,"column":6},"end":{"line":159,"column":null}},"55":{"start":{"line":161,"column":6},"end":{"line":161,"column":null}},"56":{"start":{"line":162,"column":6},"end":{"line":165,"column":null}},"57":{"start":{"line":168,"column":4},"end":{"line":171,"column":null}},"58":{"start":{"line":173,"column":4},"end":{"line":173,"column":null}},"59":{"start":{"line":180,"column":29},"end":{"line":253,"column":1}},"60":{"start":{"line":181,"column":2},"end":{"line":252,"column":null}},"61":{"start":{"line":182,"column":40},"end":{"line":182,"column":48}},"62":{"start":{"line":184,"column":4},"end":{"line":189,"column":null}},"63":{"start":{"line":185,"column":6},"end":{"line":188,"column":null}},"64":{"start":{"line":192,"column":4},"end":{"line":194,"column":null}},"65":{"start":{"line":193,"column":6},"end":{"line":193,"column":null}},"66":{"start":{"line":195,"column":4},"end":{"line":197,"column":null}},"67":{"start":{"line":196,"column":6},"end":{"line":196,"column":null}},"68":{"start":{"line":198,"column":4},"end":{"line":200,"column":null}},"69":{"start":{"line":199,"column":6},"end":{"line":199,"column":null}},"70":{"start":{"line":201,"column":4},"end":{"line":203,"column":null}},"71":{"start":{"line":202,"column":6},"end":{"line":202,"column":null}},"72":{"start":{"line":205,"column":23},"end":{"line":205,"column":49}},"73":{"start":{"line":206,"column":21},"end":{"line":206,"column":31}},"74":{"start":{"line":209,"column":15},"end":{"line":215,"column":6}},"75":{"start":{"line":218,"column":4},"end":{"line":226,"column":null}},"76":{"start":{"line":219,"column":6},"end":{"line":225,"column":null}},"77":{"start":{"line":228,"column":4},"end":{"line":233,"column":null}},"78":{"start":{"line":229,"column":6},"end":{"line":232,"column":null}},"79":{"start":{"line":236,"column":17},"end":{"line":236,"column":41}},"80":{"start":{"line":237,"column":27},"end":{"line":237,"column":63}},"81":{"start":{"line":240,"column":4},"end":{"line":244,"column":null}},"82":{"start":{"line":246,"column":4},"end":{"line":249,"column":null}},"83":{"start":{"line":251,"column":4},"end":{"line":251,"column":null}}},"fnMap":{"0":{"name":"(anonymous_0)","decl":{"start":{"line":11,"column":21},"end":{"line":11,"column":26}},"loc":{"start":{"line":11,"column":47},"end":{"line":103,"column":1}},"line":11},"1":{"name":"(anonymous_1)","decl":{"start":{"line":108,"column":30},"end":{"line":108,"column":35}},"loc":{"start":{"line":108,"column":56},"end":{"line":175,"column":1}},"line":108},"2":{"name":"(anonymous_2)","decl":{"start":{"line":180,"column":29},"end":{"line":180,"column":34}},"loc":{"start":{"line":180,"column":55},"end":{"line":253,"column":1}},"line":180}},"branchMap":{"0":{"loc":{"start":{"line":9,"column":19},"end":{"line":9,"column":75}},"type":"binary-expr","locations":[{"start":{"line":9,"column":19},"end":{"line":9,"column":41}},{"start":{"line":9,"column":45},"end":{"line":9,"column":75}}],"line":9},"1":{"loc":{"start":{"line":15,"column":4},"end":{"line":20,"column":null}},"type":"if","locations":[{"start":{"line":15,"column":4},"end":{"line":20,"column":null}},{"start":{},"end":{}}],"line":15},"2":{"loc":{"start":{"line":15,"column":8},"end":{"line":15,"column":27}},"type":"binary-expr","locations":[{"start":{"line":15,"column":8},"end":{"line":15,"column":14}},{"start":{"line":15,"column":18},"end":{"line":15,"column":27}}],"line":15},"3":{"loc":{"start":{"line":33,"column":4},"end":{"line":57,"column":null}},"type":"if","locations":[{"start":{"line":33,"column":4},"end":{"line":57,"column":null}},{"start":{},"end":{}}],"line":33},"4":{"loc":{"start":{"line":43,"column":6},"end":{"line":56,"column":null}},"type":"if","locations":[{"start":{"line":43,"column":6},"end":{"line":56,"column":null}},{"start":{},"end":{}}],"line":43},"5":{"loc":{"start":{"line":44,"column":22},"end":{"line":44,"column":53}},"type":"binary-expr","locations":[{"start":{"line":44,"column":22},"end":{"line":44,"column":47}},{"start":{"line":44,"column":51},"end":{"line":44,"column":53}}],"line":44},"6":{"loc":{"start":{"line":45,"column":8},"end":{"line":55,"column":null}},"type":"if","locations":[{"start":{"line":45,"column":8},"end":{"line":55,"column":null}},{"start":{"line":47,"column":15},"end":{"line":55,"column":null}}],"line":45},"7":{"loc":{"start":{"line":45,"column":12},"end":{"line":45,"column":58}},"type":"binary-expr","locations":[{"start":{"line":45,"column":12},"end":{"line":45,"column":29}},{"start":{"line":45,"column":33},"end":{"line":45,"column":58}}],"line":45},"8":{"loc":{"start":{"line":47,"column":15},"end":{"line":55,"column":null}},"type":"if","locations":[{"start":{"line":47,"column":15},"end":{"line":55,"column":null}},{"start":{"line":49,"column":15},"end":{"line":55,"column":null}}],"line":47},"9":{"loc":{"start":{"line":49,"column":15},"end":{"line":55,"column":null}},"type":"if","locations":[{"start":{"line":49,"column":15},"end":{"line":55,"column":null}},{"start":{"line":51,"column":15},"end":{"line":55,"column":null}}],"line":49},"10":{"loc":{"start":{"line":51,"column":15},"end":{"line":55,"column":null}},"type":"if","locations":[{"start":{"line":51,"column":15},"end":{"line":55,"column":null}},{"start":{"line":53,"column":15},"end":{"line":55,"column":null}}],"line":51},"11":{"loc":{"start":{"line":59,"column":4},"end":{"line":64,"column":null}},"type":"if","locations":[{"start":{"line":59,"column":4},"end":{"line":64,"column":null}},{"start":{},"end":{}}],"line":59},"12":{"loc":{"start":{"line":67,"column":4},"end":{"line":72,"column":null}},"type":"if","locations":[{"start":{"line":67,"column":4},"end":{"line":72,"column":null}},{"start":{},"end":{}}],"line":67},"13":{"loc":{"start":{"line":111,"column":4},"end":{"line":116,"column":null}},"type":"if","locations":[{"start":{"line":111,"column":4},"end":{"line":116,"column":null}},{"start":{},"end":{}}],"line":111},"14":{"loc":{"start":{"line":123,"column":4},"end":{"line":125,"column":null}},"type":"if","locations":[{"start":{"line":123,"column":4},"end":{"line":125,"column":null}},{"start":{},"end":{}}],"line":123},"15":{"loc":{"start":{"line":128,"column":4},"end":{"line":133,"column":null}},"type":"if","locations":[{"start":{"line":128,"column":4},"end":{"line":133,"column":null}},{"start":{},"end":{}}],"line":128},"16":{"loc":{"start":{"line":140,"column":4},"end":{"line":149,"column":null}},"type":"if","locations":[{"start":{"line":140,"column":4},"end":{"line":149,"column":null}},{"start":{},"end":{}}],"line":140},"17":{"loc":{"start":{"line":140,"column":8},"end":{"line":140,"column":48}},"type":"binary-expr","locations":[{"start":{"line":140,"column":8},"end":{"line":140,"column":12}},{"start":{"line":140,"column":16},"end":{"line":140,"column":27}},{"start":{"line":140,"column":31},"end":{"line":140,"column":48}}],"line":140},"18":{"loc":{"start":{"line":151,"column":4},"end":{"line":155,"column":null}},"type":"if","locations":[{"start":{"line":151,"column":4},"end":{"line":155,"column":null}},{"start":{},"end":{}}],"line":151},"19":{"loc":{"start":{"line":184,"column":4},"end":{"line":189,"column":null}},"type":"if","locations":[{"start":{"line":184,"column":4},"end":{"line":189,"column":null}},{"start":{},"end":{}}],"line":184},"20":{"loc":{"start":{"line":184,"column":8},"end":{"line":184,"column":38}},"type":"binary-expr","locations":[{"start":{"line":184,"column":8},"end":{"line":184,"column":14}},{"start":{"line":184,"column":18},"end":{"line":184,"column":22}},{"start":{"line":184,"column":26},"end":{"line":184,"column":38}}],"line":184},"21":{"loc":{"start":{"line":192,"column":4},"end":{"line":194,"column":null}},"type":"if","locations":[{"start":{"line":192,"column":4},"end":{"line":194,"column":null}},{"start":{},"end":{}}],"line":192},"22":{"loc":{"start":{"line":195,"column":4},"end":{"line":197,"column":null}},"type":"if","locations":[{"start":{"line":195,"column":4},"end":{"line":197,"column":null}},{"start":{},"end":{}}],"line":195},"23":{"loc":{"start":{"line":198,"column":4},"end":{"line":200,"column":null}},"type":"if","locations":[{"start":{"line":198,"column":4},"end":{"line":200,"column":null}},{"start":{},"end":{}}],"line":198},"24":{"loc":{"start":{"line":201,"column":4},"end":{"line":203,"column":null}},"type":"if","locations":[{"start":{"line":201,"column":4},"end":{"line":203,"column":null}},{"start":{},"end":{}}],"line":201},"25":{"loc":{"start":{"line":218,"column":4},"end":{"line":226,"column":null}},"type":"if","locations":[{"start":{"line":218,"column":4},"end":{"line":226,"column":null}},{"start":{},"end":{}}],"line":218},"26":{"loc":{"start":{"line":228,"column":4},"end":{"line":233,"column":null}},"type":"if","locations":[{"start":{"line":228,"column":4},"end":{"line":233,"column":null}},{"start":{},"end":{}}],"line":228}},"s":{"0":8,"1":8,"2":5,"3":5,"4":5,"5":1,"6":4,"7":4,"8":4,"9":3,"10":3,"11":2,"12":2,"13":1,"14":1,"15":1,"16":0,"17":0,"18":0,"19":0,"20":0,"21":4,"22":1,"23":3,"24":3,"25":0,"26":3,"27":3,"28":3,"29":3,"30":0,"31":8,"32":4,"33":4,"34":4,"35":1,"36":3,"37":3,"38":3,"39":1,"40":3,"41":1,"42":2,"43":2,"44":2,"45":2,"46":2,"47":2,"48":2,"49":2,"50":0,"51":0,"52":0,"53":2,"54":2,"55":1,"56":1,"57":1,"58":0,"59":8,"60":3,"61":3,"62":3,"63":0,"64":3,"65":1,"66":2,"67":0,"68":2,"69":0,"70":2,"71":0,"72":2,"73":2,"74":2,"75":2,"76":1,"77":2,"78":1,"79":1,"80":1,"81":1,"82":1,"83":0},"f":{"0":5,"1":4,"2":3},"b":{"0":[8,8],"1":[1,4],"2":[5,4],"3":[3,1],"4":[2,1],"5":[2,0],"6":[1,1],"7":[2,1],"8":[1,0],"9":[0,0],"10":[0,0],"11":[1,3],"12":[0,3],"13":[1,3],"14":[1,2],"15":[1,2],"16":[2,0],"17":[2,0,0],"18":[0,2],"19":[0,3],"20":[3,3,3],"21":[1,2],"22":[0,2],"23":[0,2],"24":[0,2],"25":[1,1],"26":[1,1]},"meta":{"lastBranch":27,"lastFunction":3,"lastStatement":84,"seen":{"s:9:19:9:75":0,"b:9:19:9:41:9:45:9:75":0,"s:11:21:103:1":1,"f:11:21:11:26":0,"s:12:2:102:Infinity":2,"s:13:32:13:40":3,"b:15:4:20:Infinity:undefined:undefined:undefined:undefined":1,"s:15:4:20:Infinity":4,"b:15:8:15:14:15:18:15:27":2,"s:16:6:19:Infinity":5,"s:22:15:29:6":6,"s:31:15:31:24":7,"b:33:4:57:Infinity:undefined:undefined:undefined:undefined":3,"s:33:4:57:Infinity":8,"s:34:6:41:Infinity":9,"b:43:6:56:Infinity:undefined:undefined:undefined:undefined":4,"s:43:6:56:Infinity":10,"s:44:22:44:53":11,"b:44:22:44:47:44:51:44:53":5,"b:45:8:55:Infinity:47:15:55:Infinity":6,"s:45:8:55:Infinity":12,"b:45:12:45:29:45:33:45:58":7,"s:46:10:46:Infinity":13,"b:47:15:55:Infinity:49:15:55:Infinity":8,"s:47:15:55:Infinity":14,"s:48:10:48:Infinity":15,"b:49:15:55:Infinity:51:15:55:Infinity":9,"s:49:15:55:Infinity":16,"s:50:10:50:Infinity":17,"b:51:15:55:Infinity:53:15:55:Infinity":10,"s:51:15:55:Infinity":18,"s:52:10:52:Infinity":19,"s:54:10:54:Infinity":20,"b:59:4:64:Infinity:undefined:undefined:undefined:undefined":11,"s:59:4:64:Infinity":21,"s:60:6:63:Infinity":22,"s:66:20:66:68":23,"b:67:4:72:Infinity:undefined:undefined:undefined:undefined":12,"s:67:4:72:Infinity":24,"s:68:6:71:Infinity":25,"s:74:18:85:5":26,"s:87:21:87:34":27,"s:88:4:88:Infinity":28,"s:90:4:98:Infinity":29,"s:101:4:101:Infinity":30,"s:108:30:175:1":31,"f:108:30:108:35":1,"s:109:2:174:Infinity":32,"s:110:22:110:30":33,"b:111:4:116:Infinity:undefined:undefined:undefined:undefined":13,"s:111:4:116:Infinity":34,"s:112:6:115:Infinity":35,"s:118:23:118:49":36,"s:121:15:121:83":37,"b:123:4:125:Infinity:undefined:undefined:undefined:undefined":14,"s:123:4:125:Infinity":38,"s:124:6:124:Infinity":39,"b:128:4:133:Infinity:undefined:undefined:undefined:undefined":15,"s:128:4:133:Infinity":40,"s:129:6:132:Infinity":41,"s:136:14:136:39":42,"s:137:21:137:48":43,"s:138:16:138:26":44,"b:140:4:149:Infinity:undefined:undefined:undefined:undefined":16,"s:140:4:149:Infinity":45,"b:140:8:140:12:140:16:140:27:140:31:140:48":17,"s:142:6:142:Infinity":46,"s:143:6:143:60":47,"s:145:6:148:Infinity":48,"b:151:4:155:Infinity:undefined:undefined:undefined:undefined":18,"s:151:4:155:Infinity":49,"s:152:6:152:Infinity":50,"s:153:6:153:Infinity":51,"s:154:6:154:Infinity":52,"s:158:4:166:Infinity":53,"s:159:6:159:Infinity":54,"s:161:6:161:Infinity":55,"s:162:6:165:Infinity":56,"s:168:4:171:Infinity":57,"s:173:4:173:Infinity":58,"s:180:29:253:1":59,"f:180:29:180:34":2,"s:181:2:252:Infinity":60,"s:182:40:182:48":61,"b:184:4:189:Infinity:undefined:undefined:undefined:undefined":19,"s:184:4:189:Infinity":62,"b:184:8:184:14:184:18:184:22:184:26:184:38":20,"s:185:6:188:Infinity":63,"b:192:4:194:Infinity:undefined:undefined:undefined:undefined":21,"s:192:4:194:Infinity":64,"s:193:6:193:Infinity":65,"b:195:4:197:Infinity:undefined:undefined:undefined:undefined":22,"s:195:4:197:Infinity":66,"s:196:6:196:Infinity":67,"b:198:4:200:Infinity:undefined:undefined:undefined:undefined":23,"s:198:4:200:Infinity":68,"s:199:6:199:Infinity":69,"b:201:4:203:Infinity:undefined:undefined:undefined:undefined":24,"s:201:4:203:Infinity":70,"s:202:6:202:Infinity":71,"s:205:23:205:49":72,"s:206:21:206:31":73,"s:209:15:215:6":74,"b:218:4:226:Infinity:undefined:undefined:undefined:undefined":25,"s:218:4:226:Infinity":75,"s:219:6:225:Infinity":76,"b:228:4:233:Infinity:undefined:undefined:undefined:undefined":26,"s:228:4:233:Infinity":77,"s:229:6:232:Infinity":78,"s:236:17:236:41":79,"s:237:27:237:63":80,"s:240:4:244:Infinity":81,"s:246:4:249:Infinity":82,"s:251:4:251:Infinity":83},"fnNames":{}}}
,"/home/redcode/Documentos/Proyecto Desarrollo/logrod_backend/src/controllers/categoriaController.js": {"path":"/home/redcode/Documentos/Proyecto Desarrollo/logrod_backend/src/controllers/categoriaController.js","statementMap":{"0":{"start":{"line":3,"column":32},"end":{"line":16,"column":1}},"1":{"start":{"line":4,"column":4},"end":{"line":15,"column":null}},"2":{"start":{"line":5,"column":23},"end":{"line":7,"column":6}},"3":{"start":{"line":9,"column":4},"end":{"line":12,"column":null}},"4":{"start":{"line":14,"column":4},"end":{"line":14,"column":null}},"5":{"start":{"line":18,"column":32},"end":{"line":38,"column":1}},"6":{"start":{"line":19,"column":4},"end":{"line":37,"column":null}},"7":{"start":{"line":20,"column":19},"end":{"line":20,"column":29}},"8":{"start":{"line":22,"column":22},"end":{"line":22,"column":50}},"9":{"start":{"line":24,"column":4},"end":{"line":29,"column":null}},"10":{"start":{"line":25,"column":8},"end":{"line":28,"column":null}},"11":{"start":{"line":31,"column":4},"end":{"line":34,"column":null}},"12":{"start":{"line":36,"column":4},"end":{"line":36,"column":null}},"13":{"start":{"line":40,"column":31},"end":{"line":69,"column":1}},"14":{"start":{"line":41,"column":4},"end":{"line":68,"column":null}},"15":{"start":{"line":42,"column":23},"end":{"line":42,"column":31}},"16":{"start":{"line":44,"column":4},"end":{"line":49,"column":null}},"17":{"start":{"line":45,"column":8},"end":{"line":48,"column":null}},"18":{"start":{"line":51,"column":22},"end":{"line":53,"column":6}},"19":{"start":{"line":55,"column":4},"end":{"line":59,"column":null}},"20":{"start":{"line":61,"column":4},"end":{"line":66,"column":null}},"21":{"start":{"line":62,"column":8},"end":{"line":65,"column":null}},"22":{"start":{"line":67,"column":4},"end":{"line":67,"column":null}},"23":{"start":{"line":71,"column":31},"end":{"line":110,"column":1}},"24":{"start":{"line":72,"column":4},"end":{"line":109,"column":null}},"25":{"start":{"line":73,"column":19},"end":{"line":73,"column":29}},"26":{"start":{"line":74,"column":23},"end":{"line":74,"column":31}},"27":{"start":{"line":76,"column":22},"end":{"line":76,"column":50}},"28":{"start":{"line":78,"column":4},"end":{"line":83,"column":null}},"29":{"start":{"line":79,"column":8},"end":{"line":82,"column":null}},"30":{"start":{"line":85,"column":4},"end":{"line":90,"column":null}},"31":{"start":{"line":86,"column":8},"end":{"line":89,"column":null}},"32":{"start":{"line":92,"column":4},"end":{"line":94,"column":null}},"33":{"start":{"line":96,"column":4},"end":{"line":100,"column":null}},"34":{"start":{"line":102,"column":4},"end":{"line":107,"column":null}},"35":{"start":{"line":103,"column":8},"end":{"line":106,"column":null}},"36":{"start":{"line":108,"column":4},"end":{"line":108,"column":null}},"37":{"start":{"line":112,"column":31},"end":{"line":134,"column":1}},"38":{"start":{"line":113,"column":4},"end":{"line":133,"column":null}},"39":{"start":{"line":114,"column":19},"end":{"line":114,"column":29}},"40":{"start":{"line":116,"column":22},"end":{"line":116,"column":50}},"41":{"start":{"line":118,"column":4},"end":{"line":123,"column":null}},"42":{"start":{"line":119,"column":8},"end":{"line":122,"column":null}},"43":{"start":{"line":125,"column":4},"end":{"line":125,"column":null}},"44":{"start":{"line":127,"column":4},"end":{"line":130,"column":null}},"45":{"start":{"line":132,"column":4},"end":{"line":132,"column":null}}},"fnMap":{"0":{"name":"(anonymous_0)","decl":{"start":{"line":3,"column":32},"end":{"line":3,"column":37}},"loc":{"start":{"line":3,"column":58},"end":{"line":16,"column":1}},"line":3},"1":{"name":"(anonymous_1)","decl":{"start":{"line":18,"column":32},"end":{"line":18,"column":37}},"loc":{"start":{"line":18,"column":58},"end":{"line":38,"column":1}},"line":18},"2":{"name":"(anonymous_2)","decl":{"start":{"line":40,"column":31},"end":{"line":40,"column":36}},"loc":{"start":{"line":40,"column":57},"end":{"line":69,"column":1}},"line":40},"3":{"name":"(anonymous_3)","decl":{"start":{"line":71,"column":31},"end":{"line":71,"column":36}},"loc":{"start":{"line":71,"column":57},"end":{"line":110,"column":1}},"line":71},"4":{"name":"(anonymous_4)","decl":{"start":{"line":112,"column":31},"end":{"line":112,"column":36}},"loc":{"start":{"line":112,"column":57},"end":{"line":134,"column":1}},"line":112}},"branchMap":{"0":{"loc":{"start":{"line":24,"column":4},"end":{"line":29,"column":null}},"type":"if","locations":[{"start":{"line":24,"column":4},"end":{"line":29,"column":null}},{"start":{},"end":{}}],"line":24},"1":{"loc":{"start":{"line":44,"column":4},"end":{"line":49,"column":null}},"type":"if","locations":[{"start":{"line":44,"column":4},"end":{"line":49,"column":null}},{"start":{},"end":{}}],"line":44},"2":{"loc":{"start":{"line":44,"column":8},"end":{"line":44,"column":39}},"type":"binary-expr","locations":[{"start":{"line":44,"column":8},"end":{"line":44,"column":15}},{"start":{"line":44,"column":19},"end":{"line":44,"column":39}}],"line":44},"3":{"loc":{"start":{"line":61,"column":4},"end":{"line":66,"column":null}},"type":"if","locations":[{"start":{"line":61,"column":4},"end":{"line":66,"column":null}},{"start":{},"end":{}}],"line":61},"4":{"loc":{"start":{"line":78,"column":4},"end":{"line":83,"column":null}},"type":"if","locations":[{"start":{"line":78,"column":4},"end":{"line":83,"column":null}},{"start":{},"end":{}}],"line":78},"5":{"loc":{"start":{"line":85,"column":4},"end":{"line":90,"column":null}},"type":"if","locations":[{"start":{"line":85,"column":4},"end":{"line":90,"column":null}},{"start":{},"end":{}}],"line":85},"6":{"loc":{"start":{"line":85,"column":8},"end":{"line":85,"column":39}},"type":"binary-expr","locations":[{"start":{"line":85,"column":8},"end":{"line":85,"column":15}},{"start":{"line":85,"column":19},"end":{"line":85,"column":39}}],"line":85},"7":{"loc":{"start":{"line":102,"column":4},"end":{"line":107,"column":null}},"type":"if","locations":[{"start":{"line":102,"column":4},"end":{"line":107,"column":null}},{"start":{},"end":{}}],"line":102},"8":{"loc":{"start":{"line":118,"column":4},"end":{"line":123,"column":null}},"type":"if","locations":[{"start":{"line":118,"column":4},"end":{"line":123,"column":null}},{"start":{},"end":{}}],"line":118}},"s":{"0":8,"1":1,"2":1,"3":1,"4":0,"5":8,"6":2,"7":2,"8":2,"9":2,"10":1,"11":1,"12":0,"13":8,"14":1,"15":1,"16":1,"17":0,"18":1,"19":1,"20":0,"21":0,"22":0,"23":8,"24":1,"25":1,"26":1,"27":1,"28":1,"29":0,"30":1,"31":0,"32":1,"33":1,"34":0,"35":0,"36":0,"37":8,"38":1,"39":1,"40":1,"41":1,"42":0,"43":1,"44":1,"45":0},"f":{"0":1,"1":2,"2":1,"3":1,"4":1},"b":{"0":[1,1],"1":[0,1],"2":[1,1],"3":[0,0],"4":[0,1],"5":[0,1],"6":[1,1],"7":[0,0],"8":[0,1]},"meta":{"lastBranch":9,"lastFunction":5,"lastStatement":46,"seen":{"s:3:32:16:1":0,"f:3:32:3:37":0,"s:4:4:15:Infinity":1,"s:5:23:7:6":2,"s:9:4:12:Infinity":3,"s:14:4:14:Infinity":4,"s:18:32:38:1":5,"f:18:32:18:37":1,"s:19:4:37:Infinity":6,"s:20:19:20:29":7,"s:22:22:22:50":8,"b:24:4:29:Infinity:undefined:undefined:undefined:undefined":0,"s:24:4:29:Infinity":9,"s:25:8:28:Infinity":10,"s:31:4:34:Infinity":11,"s:36:4:36:Infinity":12,"s:40:31:69:1":13,"f:40:31:40:36":2,"s:41:4:68:Infinity":14,"s:42:23:42:31":15,"b:44:4:49:Infinity:undefined:undefined:undefined:undefined":1,"s:44:4:49:Infinity":16,"b:44:8:44:15:44:19:44:39":2,"s:45:8:48:Infinity":17,"s:51:22:53:6":18,"s:55:4:59:Infinity":19,"b:61:4:66:Infinity:undefined:undefined:undefined:undefined":3,"s:61:4:66:Infinity":20,"s:62:8:65:Infinity":21,"s:67:4:67:Infinity":22,"s:71:31:110:1":23,"f:71:31:71:36":3,"s:72:4:109:Infinity":24,"s:73:19:73:29":25,"s:74:23:74:31":26,"s:76:22:76:50":27,"b:78:4:83:Infinity:undefined:undefined:undefined:undefined":4,"s:78:4:83:Infinity":28,"s:79:8:82:Infinity":29,"b:85:4:90:Infinity:undefined:undefined:undefined:undefined":5,"s:85:4:90:Infinity":30,"b:85:8:85:15:85:19:85:39":6,"s:86:8:89:Infinity":31,"s:92:4:94:Infinity":32,"s:96:4:100:Infinity":33,"b:102:4:107:Infinity:undefined:undefined:undefined:undefined":7,"s:102:4:107:Infinity":34,"s:103:8:106:Infinity":35,"s:108:4:108:Infinity":36,"s:112:31:134:1":37,"f:112:31:112:36":4,"s:113:4:133:Infinity":38,"s:114:19:114:29":39,"s:116:22:116:50":40,"b:118:4:123:Infinity:undefined:undefined:undefined:undefined":8,"s:118:4:123:Infinity":41,"s:119:8:122:Infinity":42,"s:125:4:125:Infinity":43,"s:127:4:130:Infinity":44,"s:132:4:132:Infinity":45},"fnNames":{}}}
,"/home/redcode/Documentos/Proyecto Desarrollo/logrod_backend/src/controllers/clienteController.js": {"path":"/home/redcode/Documentos/Proyecto Desarrollo/logrod_backend/src/controllers/clienteController.js","statementMap":{"0":{"start":{"line":4,"column":30},"end":{"line":18,"column":1}},"1":{"start":{"line":5,"column":4},"end":{"line":17,"column":null}},"2":{"start":{"line":6,"column":21},"end":{"line":9,"column":6}},"3":{"start":{"line":11,"column":4},"end":{"line":14,"column":null}},"4":{"start":{"line":16,"column":4},"end":{"line":16,"column":null}},"5":{"start":{"line":20,"column":30},"end":{"line":42,"column":1}},"6":{"start":{"line":21,"column":4},"end":{"line":41,"column":null}},"7":{"start":{"line":22,"column":19},"end":{"line":22,"column":29}},"8":{"start":{"line":24,"column":20},"end":{"line":26,"column":6}},"9":{"start":{"line":28,"column":4},"end":{"line":33,"column":null}},"10":{"start":{"line":29,"column":8},"end":{"line":32,"column":null}},"11":{"start":{"line":35,"column":4},"end":{"line":38,"column":null}},"12":{"start":{"line":40,"column":4},"end":{"line":40,"column":null}},"13":{"start":{"line":44,"column":29},"end":{"line":98,"column":1}},"14":{"start":{"line":45,"column":4},"end":{"line":97,"column":null}},"15":{"start":{"line":46,"column":108},"end":{"line":46,"column":116}},"16":{"start":{"line":48,"column":4},"end":{"line":53,"column":null}},"17":{"start":{"line":49,"column":8},"end":{"line":52,"column":null}},"18":{"start":{"line":55,"column":25},"end":{"line":55,"column":96}},"19":{"start":{"line":56,"column":4},"end":{"line":61,"column":null}},"20":{"start":{"line":57,"column":8},"end":{"line":60,"column":null}},"21":{"start":{"line":63,"column":17},"end":{"line":63,"column":41}},"22":{"start":{"line":64,"column":32},"end":{"line":64,"column":68}},"23":{"start":{"line":66,"column":20},"end":{"line":74,"column":6}},"24":{"start":{"line":76,"column":54},"end":{"line":76,"column":70}},"25":{"start":{"line":78,"column":4},"end":{"line":82,"column":null}},"26":{"start":{"line":84,"column":4},"end":{"line":89,"column":null}},"27":{"start":{"line":85,"column":8},"end":{"line":88,"column":null}},"28":{"start":{"line":90,"column":4},"end":{"line":95,"column":null}},"29":{"start":{"line":91,"column":8},"end":{"line":94,"column":null}},"30":{"start":{"line":96,"column":4},"end":{"line":96,"column":null}},"31":{"start":{"line":100,"column":29},"end":{"line":198,"column":1}},"32":{"start":{"line":101,"column":4},"end":{"line":197,"column":null}},"33":{"start":{"line":102,"column":19},"end":{"line":102,"column":29}},"34":{"start":{"line":103,"column":113},"end":{"line":103,"column":121}},"35":{"start":{"line":105,"column":4},"end":{"line":110,"column":null}},"36":{"start":{"line":106,"column":6},"end":{"line":109,"column":null}},"37":{"start":{"line":112,"column":20},"end":{"line":112,"column":46}},"38":{"start":{"line":114,"column":4},"end":{"line":119,"column":null}},"39":{"start":{"line":115,"column":8},"end":{"line":118,"column":null}},"40":{"start":{"line":121,"column":4},"end":{"line":129,"column":null}},"41":{"start":{"line":122,"column":29},"end":{"line":122,"column":100}},"42":{"start":{"line":123,"column":8},"end":{"line":128,"column":null}},"43":{"start":{"line":124,"column":8},"end":{"line":127,"column":null}},"44":{"start":{"line":131,"column":28},"end":{"line":131,"column":47}},"45":{"start":{"line":132,"column":27},"end":{"line":132,"column":55}},"46":{"start":{"line":133,"column":29},"end":{"line":133,"column":59}},"47":{"start":{"line":135,"column":4},"end":{"line":162,"column":null}},"48":{"start":{"line":136,"column":8},"end":{"line":141,"column":null}},"49":{"start":{"line":137,"column":12},"end":{"line":140,"column":null}},"50":{"start":{"line":143,"column":25},"end":{"line":143,"column":43}},"51":{"start":{"line":144,"column":20},"end":{"line":144,"column":30}},"52":{"start":{"line":146,"column":8},"end":{"line":156,"column":null}},"53":{"start":{"line":152,"column":12},"end":{"line":155,"column":null}},"54":{"start":{"line":158,"column":21},"end":{"line":158,"column":45}},"55":{"start":{"line":159,"column":8},"end":{"line":159,"column":null}},"56":{"start":{"line":160,"column":8},"end":{"line":160,"column":null}},"57":{"start":{"line":161,"column":8},"end":{"line":161,"column":null}},"58":{"start":{"line":164,"column":4},"end":{"line":174,"column":null}},"59":{"start":{"line":176,"column":54},"end":{"line":176,"column":70}},"60":{"start":{"line":178,"column":4},"end":{"line":182,"column":null}},"61":{"start":{"line":184,"column":4},"end":{"line":189,"column":null}},"62":{"start":{"line":185,"column":8},"end":{"line":188,"column":null}},"63":{"start":{"line":190,"column":4},"end":{"line":195,"column":null}},"64":{"start":{"line":191,"column":8},"end":{"line":194,"column":null}},"65":{"start":{"line":196,"column":4},"end":{"line":196,"column":null}},"66":{"start":{"line":200,"column":29},"end":{"line":222,"column":1}},"67":{"start":{"line":201,"column":4},"end":{"line":221,"column":null}},"68":{"start":{"line":202,"column":19},"end":{"line":202,"column":29}},"69":{"start":{"line":204,"column":20},"end":{"line":204,"column":46}},"70":{"start":{"line":206,"column":4},"end":{"line":211,"column":null}},"71":{"start":{"line":207,"column":8},"end":{"line":210,"column":null}},"72":{"start":{"line":213,"column":4},"end":{"line":213,"column":null}},"73":{"start":{"line":215,"column":4},"end":{"line":218,"column":null}},"74":{"start":{"line":220,"column":4},"end":{"line":220,"column":null}}},"fnMap":{"0":{"name":"(anonymous_0)","decl":{"start":{"line":4,"column":30},"end":{"line":4,"column":35}},"loc":{"start":{"line":4,"column":56},"end":{"line":18,"column":1}},"line":4},"1":{"name":"(anonymous_1)","decl":{"start":{"line":20,"column":30},"end":{"line":20,"column":35}},"loc":{"start":{"line":20,"column":56},"end":{"line":42,"column":1}},"line":20},"2":{"name":"(anonymous_2)","decl":{"start":{"line":44,"column":29},"end":{"line":44,"column":34}},"loc":{"start":{"line":44,"column":55},"end":{"line":98,"column":1}},"line":44},"3":{"name":"(anonymous_3)","decl":{"start":{"line":100,"column":29},"end":{"line":100,"column":34}},"loc":{"start":{"line":100,"column":55},"end":{"line":198,"column":1}},"line":100},"4":{"name":"(anonymous_4)","decl":{"start":{"line":200,"column":29},"end":{"line":200,"column":34}},"loc":{"start":{"line":200,"column":55},"end":{"line":222,"column":1}},"line":200}},"branchMap":{"0":{"loc":{"start":{"line":28,"column":4},"end":{"line":33,"column":null}},"type":"if","locations":[{"start":{"line":28,"column":4},"end":{"line":33,"column":null}},{"start":{},"end":{}}],"line":28},"1":{"loc":{"start":{"line":48,"column":4},"end":{"line":53,"column":null}},"type":"if","locations":[{"start":{"line":48,"column":4},"end":{"line":53,"column":null}},{"start":{},"end":{}}],"line":48},"2":{"loc":{"start":{"line":48,"column":8},"end":{"line":48,"column":105}},"type":"binary-expr","locations":[{"start":{"line":48,"column":8},"end":{"line":48,"column":23}},{"start":{"line":48,"column":27},"end":{"line":48,"column":35}},{"start":{"line":48,"column":39},"end":{"line":48,"column":49}},{"start":{"line":48,"column":53},"end":{"line":48,"column":72}},{"start":{"line":48,"column":76},"end":{"line":48,"column":89}},{"start":{"line":48,"column":93},"end":{"line":48,"column":105}}],"line":48},"3":{"loc":{"start":{"line":56,"column":4},"end":{"line":61,"column":null}},"type":"if","locations":[{"start":{"line":56,"column":4},"end":{"line":61,"column":null}},{"start":{},"end":{}}],"line":56},"4":{"loc":{"start":{"line":71,"column":18},"end":{"line":71,"column":42}},"type":"binary-expr","locations":[{"start":{"line":71,"column":18},"end":{"line":71,"column":34}},{"start":{"line":71,"column":38},"end":{"line":71,"column":42}}],"line":71},"5":{"loc":{"start":{"line":84,"column":4},"end":{"line":89,"column":null}},"type":"if","locations":[{"start":{"line":84,"column":4},"end":{"line":89,"column":null}},{"start":{},"end":{}}],"line":84},"6":{"loc":{"start":{"line":90,"column":4},"end":{"line":95,"column":null}},"type":"if","locations":[{"start":{"line":90,"column":4},"end":{"line":95,"column":null}},{"start":{},"end":{}}],"line":90},"7":{"loc":{"start":{"line":93,"column":17},"end":{"line":93,"column":null}},"type":"binary-expr","locations":[{"start":{"line":93,"column":17},"end":{"line":93,"column":41}},{"start":{"line":93,"column":45},"end":{"line":93,"column":null}}],"line":93},"8":{"loc":{"start":{"line":105,"column":4},"end":{"line":110,"column":null}},"type":"if","locations":[{"start":{"line":105,"column":4},"end":{"line":110,"column":null}},{"start":{},"end":{}}],"line":105},"9":{"loc":{"start":{"line":105,"column":8},"end":{"line":105,"column":82}},"type":"binary-expr","locations":[{"start":{"line":105,"column":8},"end":{"line":105,"column":16}},{"start":{"line":105,"column":20},"end":{"line":105,"column":44}},{"start":{"line":105,"column":48},"end":{"line":105,"column":82}}],"line":105},"10":{"loc":{"start":{"line":114,"column":4},"end":{"line":119,"column":null}},"type":"if","locations":[{"start":{"line":114,"column":4},"end":{"line":119,"column":null}},{"start":{},"end":{}}],"line":114},"11":{"loc":{"start":{"line":121,"column":4},"end":{"line":129,"column":null}},"type":"if","locations":[{"start":{"line":121,"column":4},"end":{"line":129,"column":null}},{"start":{},"end":{}}],"line":121},"12":{"loc":{"start":{"line":123,"column":8},"end":{"line":128,"column":null}},"type":"if","locations":[{"start":{"line":123,"column":8},"end":{"line":128,"column":null}},{"start":{},"end":{}}],"line":123},"13":{"loc":{"start":{"line":135,"column":4},"end":{"line":162,"column":null}},"type":"if","locations":[{"start":{"line":135,"column":4},"end":{"line":162,"column":null}},{"start":{},"end":{}}],"line":135},"14":{"loc":{"start":{"line":136,"column":8},"end":{"line":141,"column":null}},"type":"if","locations":[{"start":{"line":136,"column":8},"end":{"line":141,"column":null}},{"start":{},"end":{}}],"line":136},"15":{"loc":{"start":{"line":146,"column":8},"end":{"line":156,"column":null}},"type":"if","locations":[{"start":{"line":146,"column":8},"end":{"line":156,"column":null}},{"start":{},"end":{}}],"line":146},"16":{"loc":{"start":{"line":147,"column":12},"end":{"line":150,"column":null}},"type":"binary-expr","locations":[{"start":{"line":147,"column":12},"end":{"line":147,"column":41}},{"start":{"line":148,"column":12},"end":{"line":148,"column":68}},{"start":{"line":149,"column":12},"end":{"line":149,"column":43}},{"start":{"line":150,"column":12},"end":{"line":150,"column":null}}],"line":147},"17":{"loc":{"start":{"line":165,"column":24},"end":{"line":165,"column":72}},"type":"binary-expr","locations":[{"start":{"line":165,"column":24},"end":{"line":165,"column":46}},{"start":{"line":165,"column":50},"end":{"line":165,"column":72}}],"line":165},"18":{"loc":{"start":{"line":166,"column":17},"end":{"line":166,"column":51}},"type":"binary-expr","locations":[{"start":{"line":166,"column":17},"end":{"line":166,"column":32}},{"start":{"line":166,"column":36},"end":{"line":166,"column":51}}],"line":166},"19":{"loc":{"start":{"line":167,"column":19},"end":{"line":167,"column":57}},"type":"binary-expr","locations":[{"start":{"line":167,"column":19},"end":{"line":167,"column":36}},{"start":{"line":167,"column":40},"end":{"line":167,"column":57}}],"line":167},"20":{"loc":{"start":{"line":168,"column":28},"end":{"line":168,"column":98}},"type":"binary-expr","locations":[{"start":{"line":168,"column":28},"end":{"line":168,"column":68}},{"start":{"line":168,"column":72},"end":{"line":168,"column":98}}],"line":168},"21":{"loc":{"start":{"line":169,"column":18},"end":{"line":169,"column":88}},"type":"cond-expr","locations":[{"start":{"line":169,"column":44},"end":{"line":169,"column":68}},{"start":{"line":169,"column":72},"end":{"line":169,"column":88}}],"line":169},"22":{"loc":{"start":{"line":169,"column":44},"end":{"line":169,"column":68}},"type":"binary-expr","locations":[{"start":{"line":169,"column":44},"end":{"line":169,"column":60}},{"start":{"line":169,"column":64},"end":{"line":169,"column":68}}],"line":169},"23":{"loc":{"start":{"line":170,"column":22},"end":{"line":170,"column":58}},"type":"binary-expr","locations":[{"start":{"line":170,"column":22},"end":{"line":170,"column":34}},{"start":{"line":170,"column":38},"end":{"line":170,"column":58}}],"line":170},"24":{"loc":{"start":{"line":184,"column":4},"end":{"line":189,"column":null}},"type":"if","locations":[{"start":{"line":184,"column":4},"end":{"line":189,"column":null}},{"start":{},"end":{}}],"line":184},"25":{"loc":{"start":{"line":190,"column":4},"end":{"line":195,"column":null}},"type":"if","locations":[{"start":{"line":190,"column":4},"end":{"line":195,"column":null}},{"start":{},"end":{}}],"line":190},"26":{"loc":{"start":{"line":193,"column":17},"end":{"line":193,"column":null}},"type":"binary-expr","locations":[{"start":{"line":193,"column":17},"end":{"line":193,"column":41}},{"start":{"line":193,"column":45},"end":{"line":193,"column":null}}],"line":193},"27":{"loc":{"start":{"line":206,"column":4},"end":{"line":211,"column":null}},"type":"if","locations":[{"start":{"line":206,"column":4},"end":{"line":211,"column":null}},{"start":{},"end":{}}],"line":206}},"s":{"0":8,"1":1,"2":1,"3":1,"4":0,"5":8,"6":1,"7":1,"8":1,"9":1,"10":0,"11":1,"12":0,"13":8,"14":2,"15":2,"16":2,"17":0,"18":2,"19":2,"20":0,"21":2,"22":2,"23":2,"24":1,"25":1,"26":1,"27":1,"28":0,"29":0,"30":0,"31":8,"32":2,"33":2,"34":2,"35":2,"36":1,"37":1,"38":1,"39":0,"40":1,"41":0,"42":0,"43":0,"44":1,"45":1,"46":1,"47":1,"48":0,"49":0,"50":0,"51":0,"52":0,"53":0,"54":0,"55":0,"56":0,"57":0,"58":1,"59":1,"60":1,"61":0,"62":0,"63":0,"64":0,"65":0,"66":8,"67":1,"68":1,"69":1,"70":1,"71":0,"72":1,"73":1,"74":0},"f":{"0":1,"1":1,"2":2,"3":2,"4":1},"b":{"0":[0,1],"1":[0,2],"2":[2,2,2,2,2,2],"3":[0,2],"4":[2,2],"5":[1,0],"6":[0,0],"7":[0,0],"8":[1,1],"9":[2,2,2],"10":[0,1],"11":[0,1],"12":[0,0],"13":[0,1],"14":[0,0],"15":[0,0],"16":[0,0,0,0],"17":[1,1],"18":[2,0],"19":[2,1],"20":[2,1],"21":[0,1],"22":[0,0],"23":[2,1],"24":[0,0],"25":[0,0],"26":[0,0],"27":[0,1]},"meta":{"lastBranch":28,"lastFunction":5,"lastStatement":75,"seen":{"s:4:30:18:1":0,"f:4:30:4:35":0,"s:5:4:17:Infinity":1,"s:6:21:9:6":2,"s:11:4:14:Infinity":3,"s:16:4:16:Infinity":4,"s:20:30:42:1":5,"f:20:30:20:35":1,"s:21:4:41:Infinity":6,"s:22:19:22:29":7,"s:24:20:26:6":8,"b:28:4:33:Infinity:undefined:undefined:undefined:undefined":0,"s:28:4:33:Infinity":9,"s:29:8:32:Infinity":10,"s:35:4:38:Infinity":11,"s:40:4:40:Infinity":12,"s:44:29:98:1":13,"f:44:29:44:34":2,"s:45:4:97:Infinity":14,"s:46:108:46:116":15,"b:48:4:53:Infinity:undefined:undefined:undefined:undefined":1,"s:48:4:53:Infinity":16,"b:48:8:48:23:48:27:48:35:48:39:48:49:48:53:48:72:48:76:48:89:48:93:48:105":2,"s:49:8:52:Infinity":17,"s:55:25:55:96":18,"b:56:4:61:Infinity:undefined:undefined:undefined:undefined":3,"s:56:4:61:Infinity":19,"s:57:8:60:Infinity":20,"s:63:17:63:41":21,"s:64:32:64:68":22,"s:66:20:74:6":23,"b:71:18:71:34:71:38:71:42":4,"s:76:54:76:70":24,"s:78:4:82:Infinity":25,"b:84:4:89:Infinity:undefined:undefined:undefined:undefined":5,"s:84:4:89:Infinity":26,"s:85:8:88:Infinity":27,"b:90:4:95:Infinity:undefined:undefined:undefined:undefined":6,"s:90:4:95:Infinity":28,"s:91:8:94:Infinity":29,"b:93:17:93:41:93:45:93:Infinity":7,"s:96:4:96:Infinity":30,"s:100:29:198:1":31,"f:100:29:100:34":3,"s:101:4:197:Infinity":32,"s:102:19:102:29":33,"s:103:113:103:121":34,"b:105:4:110:Infinity:undefined:undefined:undefined:undefined":8,"s:105:4:110:Infinity":35,"b:105:8:105:16:105:20:105:44:105:48:105:82":9,"s:106:6:109:Infinity":36,"s:112:20:112:46":37,"b:114:4:119:Infinity:undefined:undefined:undefined:undefined":10,"s:114:4:119:Infinity":38,"s:115:8:118:Infinity":39,"b:121:4:129:Infinity:undefined:undefined:undefined:undefined":11,"s:121:4:129:Infinity":40,"s:122:29:122:100":41,"b:123:8:128:Infinity:undefined:undefined:undefined:undefined":12,"s:123:8:128:Infinity":42,"s:124:8:127:Infinity":43,"s:131:28:131:47":44,"s:132:27:132:55":45,"s:133:29:133:59":46,"b:135:4:162:Infinity:undefined:undefined:undefined:undefined":13,"s:135:4:162:Infinity":47,"b:136:8:141:Infinity:undefined:undefined:undefined:undefined":14,"s:136:8:141:Infinity":48,"s:137:12:140:Infinity":49,"s:143:25:143:43":50,"s:144:20:144:30":51,"b:146:8:156:Infinity:undefined:undefined:undefined:undefined":15,"s:146:8:156:Infinity":52,"b:147:12:147:41:148:12:148:68:149:12:149:43:150:12:150:Infinity":16,"s:152:12:155:Infinity":53,"s:158:21:158:45":54,"s:159:8:159:Infinity":55,"s:160:8:160:Infinity":56,"s:161:8:161:Infinity":57,"s:164:4:174:Infinity":58,"b:165:24:165:46:165:50:165:72":17,"b:166:17:166:32:166:36:166:51":18,"b:167:19:167:36:167:40:167:57":19,"b:168:28:168:68:168:72:168:98":20,"b:169:44:169:68:169:72:169:88":21,"b:169:44:169:60:169:64:169:68":22,"b:170:22:170:34:170:38:170:58":23,"s:176:54:176:70":59,"s:178:4:182:Infinity":60,"b:184:4:189:Infinity:undefined:undefined:undefined:undefined":24,"s:184:4:189:Infinity":61,"s:185:8:188:Infinity":62,"b:190:4:195:Infinity:undefined:undefined:undefined:undefined":25,"s:190:4:195:Infinity":63,"s:191:8:194:Infinity":64,"b:193:17:193:41:193:45:193:Infinity":26,"s:196:4:196:Infinity":65,"s:200:29:222:1":66,"f:200:29:200:34":4,"s:201:4:221:Infinity":67,"s:202:19:202:29":68,"s:204:20:204:46":69,"b:206:4:211:Infinity:undefined:undefined:undefined:undefined":27,"s:206:4:211:Infinity":70,"s:207:8:210:Infinity":71,"s:213:4:213:Infinity":72,"s:215:4:218:Infinity":73,"s:220:4:220:Infinity":74},"fnNames":{}}}
,"/home/redcode/Documentos/Proyecto Desarrollo/logrod_backend/src/controllers/empleadoController.js": {"path":"/home/redcode/Documentos/Proyecto Desarrollo/logrod_backend/src/controllers/empleadoController.js","statementMap":{"0":{"start":{"line":4,"column":31},"end":{"line":18,"column":1}},"1":{"start":{"line":5,"column":4},"end":{"line":17,"column":null}},"2":{"start":{"line":6,"column":22},"end":{"line":9,"column":6}},"3":{"start":{"line":11,"column":4},"end":{"line":14,"column":null}},"4":{"start":{"line":16,"column":4},"end":{"line":16,"column":null}},"5":{"start":{"line":20,"column":31},"end":{"line":42,"column":1}},"6":{"start":{"line":21,"column":4},"end":{"line":41,"column":null}},"7":{"start":{"line":22,"column":19},"end":{"line":22,"column":29}},"8":{"start":{"line":24,"column":21},"end":{"line":26,"column":6}},"9":{"start":{"line":28,"column":4},"end":{"line":33,"column":null}},"10":{"start":{"line":29,"column":8},"end":{"line":32,"column":null}},"11":{"start":{"line":35,"column":4},"end":{"line":38,"column":null}},"12":{"start":{"line":40,"column":4},"end":{"line":40,"column":null}},"13":{"start":{"line":44,"column":30},"end":{"line":91,"column":1}},"14":{"start":{"line":45,"column":4},"end":{"line":90,"column":null}},"15":{"start":{"line":46,"column":116},"end":{"line":46,"column":124}},"16":{"start":{"line":48,"column":4},"end":{"line":53,"column":null}},"17":{"start":{"line":49,"column":8},"end":{"line":52,"column":null}},"18":{"start":{"line":55,"column":17},"end":{"line":55,"column":41}},"19":{"start":{"line":56,"column":32},"end":{"line":56,"column":68}},"20":{"start":{"line":58,"column":21},"end":{"line":67,"column":6}},"21":{"start":{"line":69,"column":55},"end":{"line":69,"column":72}},"22":{"start":{"line":71,"column":4},"end":{"line":75,"column":null}},"23":{"start":{"line":77,"column":4},"end":{"line":82,"column":null}},"24":{"start":{"line":78,"column":8},"end":{"line":81,"column":null}},"25":{"start":{"line":83,"column":4},"end":{"line":88,"column":null}},"26":{"start":{"line":84,"column":8},"end":{"line":87,"column":null}},"27":{"start":{"line":89,"column":4},"end":{"line":89,"column":null}},"28":{"start":{"line":93,"column":30},"end":{"line":182,"column":1}},"29":{"start":{"line":94,"column":4},"end":{"line":181,"column":null}},"30":{"start":{"line":95,"column":19},"end":{"line":95,"column":29}},"31":{"start":{"line":96,"column":121},"end":{"line":96,"column":129}},"32":{"start":{"line":98,"column":4},"end":{"line":103,"column":null}},"33":{"start":{"line":99,"column":6},"end":{"line":102,"column":null}},"34":{"start":{"line":105,"column":21},"end":{"line":105,"column":48}},"35":{"start":{"line":107,"column":4},"end":{"line":112,"column":null}},"36":{"start":{"line":108,"column":8},"end":{"line":111,"column":null}},"37":{"start":{"line":114,"column":28},"end":{"line":114,"column":48}},"38":{"start":{"line":115,"column":27},"end":{"line":115,"column":56}},"39":{"start":{"line":116,"column":29},"end":{"line":116,"column":60}},"40":{"start":{"line":118,"column":4},"end":{"line":145,"column":null}},"41":{"start":{"line":119,"column":8},"end":{"line":124,"column":null}},"42":{"start":{"line":120,"column":12},"end":{"line":123,"column":null}},"43":{"start":{"line":126,"column":25},"end":{"line":126,"column":43}},"44":{"start":{"line":127,"column":20},"end":{"line":127,"column":30}},"45":{"start":{"line":129,"column":8},"end":{"line":139,"column":null}},"46":{"start":{"line":135,"column":12},"end":{"line":138,"column":null}},"47":{"start":{"line":141,"column":21},"end":{"line":141,"column":45}},"48":{"start":{"line":142,"column":8},"end":{"line":142,"column":null}},"49":{"start":{"line":143,"column":8},"end":{"line":143,"column":null}},"50":{"start":{"line":144,"column":8},"end":{"line":144,"column":null}},"51":{"start":{"line":147,"column":4},"end":{"line":158,"column":null}},"52":{"start":{"line":160,"column":55},"end":{"line":160,"column":72}},"53":{"start":{"line":162,"column":4},"end":{"line":166,"column":null}},"54":{"start":{"line":168,"column":4},"end":{"line":173,"column":null}},"55":{"start":{"line":169,"column":8},"end":{"line":172,"column":null}},"56":{"start":{"line":174,"column":4},"end":{"line":179,"column":null}},"57":{"start":{"line":175,"column":8},"end":{"line":178,"column":null}},"58":{"start":{"line":180,"column":4},"end":{"line":180,"column":null}},"59":{"start":{"line":184,"column":30},"end":{"line":206,"column":1}},"60":{"start":{"line":185,"column":4},"end":{"line":205,"column":null}},"61":{"start":{"line":186,"column":19},"end":{"line":186,"column":29}},"62":{"start":{"line":188,"column":21},"end":{"line":188,"column":48}},"63":{"start":{"line":190,"column":4},"end":{"line":195,"column":null}},"64":{"start":{"line":191,"column":8},"end":{"line":194,"column":null}},"65":{"start":{"line":197,"column":4},"end":{"line":197,"column":null}},"66":{"start":{"line":199,"column":4},"end":{"line":202,"column":null}},"67":{"start":{"line":204,"column":4},"end":{"line":204,"column":null}}},"fnMap":{"0":{"name":"(anonymous_0)","decl":{"start":{"line":4,"column":31},"end":{"line":4,"column":36}},"loc":{"start":{"line":4,"column":57},"end":{"line":18,"column":1}},"line":4},"1":{"name":"(anonymous_1)","decl":{"start":{"line":20,"column":31},"end":{"line":20,"column":36}},"loc":{"start":{"line":20,"column":57},"end":{"line":42,"column":1}},"line":20},"2":{"name":"(anonymous_2)","decl":{"start":{"line":44,"column":30},"end":{"line":44,"column":35}},"loc":{"start":{"line":44,"column":56},"end":{"line":91,"column":1}},"line":44},"3":{"name":"(anonymous_3)","decl":{"start":{"line":93,"column":30},"end":{"line":93,"column":35}},"loc":{"start":{"line":93,"column":56},"end":{"line":182,"column":1}},"line":93},"4":{"name":"(anonymous_4)","decl":{"start":{"line":184,"column":30},"end":{"line":184,"column":35}},"loc":{"start":{"line":184,"column":56},"end":{"line":206,"column":1}},"line":184}},"branchMap":{"0":{"loc":{"start":{"line":28,"column":4},"end":{"line":33,"column":null}},"type":"if","locations":[{"start":{"line":28,"column":4},"end":{"line":33,"column":null}},{"start":{},"end":{}}],"line":28},"1":{"loc":{"start":{"line":48,"column":4},"end":{"line":53,"column":null}},"type":"if","locations":[{"start":{"line":48,"column":4},"end":{"line":53,"column":null}},{"start":{},"end":{}}],"line":48},"2":{"loc":{"start":{"line":48,"column":8},"end":{"line":48,"column":88}},"type":"binary-expr","locations":[{"start":{"line":48,"column":8},"end":{"line":48,"column":23}},{"start":{"line":48,"column":27},"end":{"line":48,"column":35}},{"start":{"line":48,"column":39},"end":{"line":48,"column":49}},{"start":{"line":48,"column":53},"end":{"line":48,"column":72}},{"start":{"line":48,"column":76},"end":{"line":48,"column":88}}],"line":48},"3":{"loc":{"start":{"line":63,"column":18},"end":{"line":63,"column":42}},"type":"binary-expr","locations":[{"start":{"line":63,"column":18},"end":{"line":63,"column":34}},{"start":{"line":63,"column":38},"end":{"line":63,"column":42}}],"line":63},"4":{"loc":{"start":{"line":64,"column":15},"end":{"line":64,"column":36}},"type":"binary-expr","locations":[{"start":{"line":64,"column":15},"end":{"line":64,"column":28}},{"start":{"line":64,"column":32},"end":{"line":64,"column":36}}],"line":64},"5":{"loc":{"start":{"line":65,"column":23},"end":{"line":65,"column":52}},"type":"binary-expr","locations":[{"start":{"line":65,"column":23},"end":{"line":65,"column":44}},{"start":{"line":65,"column":48},"end":{"line":65,"column":52}}],"line":65},"6":{"loc":{"start":{"line":77,"column":4},"end":{"line":82,"column":null}},"type":"if","locations":[{"start":{"line":77,"column":4},"end":{"line":82,"column":null}},{"start":{},"end":{}}],"line":77},"7":{"loc":{"start":{"line":83,"column":4},"end":{"line":88,"column":null}},"type":"if","locations":[{"start":{"line":83,"column":4},"end":{"line":88,"column":null}},{"start":{},"end":{}}],"line":83},"8":{"loc":{"start":{"line":86,"column":17},"end":{"line":86,"column":null}},"type":"binary-expr","locations":[{"start":{"line":86,"column":17},"end":{"line":86,"column":41}},{"start":{"line":86,"column":45},"end":{"line":86,"column":null}}],"line":86},"9":{"loc":{"start":{"line":98,"column":4},"end":{"line":103,"column":null}},"type":"if","locations":[{"start":{"line":98,"column":4},"end":{"line":103,"column":null}},{"start":{},"end":{}}],"line":98},"10":{"loc":{"start":{"line":98,"column":8},"end":{"line":98,"column":82}},"type":"binary-expr","locations":[{"start":{"line":98,"column":8},"end":{"line":98,"column":16}},{"start":{"line":98,"column":20},"end":{"line":98,"column":44}},{"start":{"line":98,"column":48},"end":{"line":98,"column":82}}],"line":98},"11":{"loc":{"start":{"line":107,"column":4},"end":{"line":112,"column":null}},"type":"if","locations":[{"start":{"line":107,"column":4},"end":{"line":112,"column":null}},{"start":{},"end":{}}],"line":107},"12":{"loc":{"start":{"line":118,"column":4},"end":{"line":145,"column":null}},"type":"if","locations":[{"start":{"line":118,"column":4},"end":{"line":145,"column":null}},{"start":{},"end":{}}],"line":118},"13":{"loc":{"start":{"line":119,"column":8},"end":{"line":124,"column":null}},"type":"if","locations":[{"start":{"line":119,"column":8},"end":{"line":124,"column":null}},{"start":{},"end":{}}],"line":119},"14":{"loc":{"start":{"line":129,"column":8},"end":{"line":139,"column":null}},"type":"if","locations":[{"start":{"line":129,"column":8},"end":{"line":139,"column":null}},{"start":{},"end":{}}],"line":129},"15":{"loc":{"start":{"line":130,"column":12},"end":{"line":133,"column":null}},"type":"binary-expr","locations":[{"start":{"line":130,"column":12},"end":{"line":130,"column":42}},{"start":{"line":131,"column":12},"end":{"line":131,"column":69}},{"start":{"line":132,"column":12},"end":{"line":132,"column":44}},{"start":{"line":133,"column":12},"end":{"line":133,"column":null}}],"line":130},"16":{"loc":{"start":{"line":148,"column":24},"end":{"line":148,"column":73}},"type":"binary-expr","locations":[{"start":{"line":148,"column":24},"end":{"line":148,"column":46}},{"start":{"line":148,"column":50},"end":{"line":148,"column":73}}],"line":148},"17":{"loc":{"start":{"line":149,"column":17},"end":{"line":149,"column":52}},"type":"binary-expr","locations":[{"start":{"line":149,"column":17},"end":{"line":149,"column":32}},{"start":{"line":149,"column":36},"end":{"line":149,"column":52}}],"line":149},"18":{"loc":{"start":{"line":150,"column":19},"end":{"line":150,"column":58}},"type":"binary-expr","locations":[{"start":{"line":150,"column":19},"end":{"line":150,"column":36}},{"start":{"line":150,"column":40},"end":{"line":150,"column":58}}],"line":150},"19":{"loc":{"start":{"line":151,"column":28},"end":{"line":151,"column":99}},"type":"binary-expr","locations":[{"start":{"line":151,"column":28},"end":{"line":151,"column":68}},{"start":{"line":151,"column":72},"end":{"line":151,"column":99}}],"line":151},"20":{"loc":{"start":{"line":152,"column":18},"end":{"line":152,"column":89}},"type":"cond-expr","locations":[{"start":{"line":152,"column":44},"end":{"line":152,"column":68}},{"start":{"line":152,"column":72},"end":{"line":152,"column":89}}],"line":152},"21":{"loc":{"start":{"line":152,"column":44},"end":{"line":152,"column":68}},"type":"binary-expr","locations":[{"start":{"line":152,"column":44},"end":{"line":152,"column":60}},{"start":{"line":152,"column":64},"end":{"line":152,"column":68}}],"line":152},"22":{"loc":{"start":{"line":153,"column":15},"end":{"line":153,"column":77}},"type":"cond-expr","locations":[{"start":{"line":153,"column":38},"end":{"line":153,"column":59}},{"start":{"line":153,"column":63},"end":{"line":153,"column":77}}],"line":153},"23":{"loc":{"start":{"line":153,"column":38},"end":{"line":153,"column":59}},"type":"binary-expr","locations":[{"start":{"line":153,"column":38},"end":{"line":153,"column":51}},{"start":{"line":153,"column":55},"end":{"line":153,"column":59}}],"line":153},"24":{"loc":{"start":{"line":154,"column":23},"end":{"line":154,"column":109}},"type":"cond-expr","locations":[{"start":{"line":154,"column":54},"end":{"line":154,"column":83}},{"start":{"line":154,"column":87},"end":{"line":154,"column":109}}],"line":154},"25":{"loc":{"start":{"line":154,"column":54},"end":{"line":154,"column":83}},"type":"binary-expr","locations":[{"start":{"line":154,"column":54},"end":{"line":154,"column":75}},{"start":{"line":154,"column":79},"end":{"line":154,"column":83}}],"line":154},"26":{"loc":{"start":{"line":168,"column":4},"end":{"line":173,"column":null}},"type":"if","locations":[{"start":{"line":168,"column":4},"end":{"line":173,"column":null}},{"start":{},"end":{}}],"line":168},"27":{"loc":{"start":{"line":174,"column":4},"end":{"line":179,"column":null}},"type":"if","locations":[{"start":{"line":174,"column":4},"end":{"line":179,"column":null}},{"start":{},"end":{}}],"line":174},"28":{"loc":{"start":{"line":177,"column":17},"end":{"line":177,"column":null}},"type":"binary-expr","locations":[{"start":{"line":177,"column":17},"end":{"line":177,"column":41}},{"start":{"line":177,"column":45},"end":{"line":177,"column":null}}],"line":177},"29":{"loc":{"start":{"line":190,"column":4},"end":{"line":195,"column":null}},"type":"if","locations":[{"start":{"line":190,"column":4},"end":{"line":195,"column":null}},{"start":{},"end":{}}],"line":190}},"s":{"0":8,"1":1,"2":1,"3":1,"4":0,"5":8,"6":1,"7":1,"8":1,"9":1,"10":0,"11":1,"12":0,"13":8,"14":1,"15":1,"16":1,"17":0,"18":1,"19":1,"20":1,"21":1,"22":1,"23":0,"24":0,"25":0,"26":0,"27":0,"28":8,"29":1,"30":1,"31":1,"32":1,"33":0,"34":1,"35":1,"36":0,"37":1,"38":1,"39":1,"40":1,"41":0,"42":0,"43":0,"44":0,"45":0,"46":0,"47":0,"48":0,"49":0,"50":0,"51":1,"52":1,"53":1,"54":0,"55":0,"56":0,"57":0,"58":0,"59":8,"60":1,"61":1,"62":1,"63":1,"64":0,"65":1,"66":1,"67":0},"f":{"0":1,"1":1,"2":1,"3":1,"4":1},"b":{"0":[0,1],"1":[0,1],"2":[1,1,1,1,1],"3":[1,1],"4":[1,0],"5":[1,1],"6":[0,0],"7":[0,0],"8":[0,0],"9":[0,1],"10":[1,1,1],"11":[0,1],"12":[0,1],"13":[0,0],"14":[0,0],"15":[0,0,0,0],"16":[1,1],"17":[1,0],"18":[1,1],"19":[1,1],"20":[0,1],"21":[0,0],"22":[0,1],"23":[0,0],"24":[0,1],"25":[0,0],"26":[0,0],"27":[0,0],"28":[0,0],"29":[0,1]},"meta":{"lastBranch":30,"lastFunction":5,"lastStatement":68,"seen":{"s:4:31:18:1":0,"f:4:31:4:36":0,"s:5:4:17:Infinity":1,"s:6:22:9:6":2,"s:11:4:14:Infinity":3,"s:16:4:16:Infinity":4,"s:20:31:42:1":5,"f:20:31:20:36":1,"s:21:4:41:Infinity":6,"s:22:19:22:29":7,"s:24:21:26:6":8,"b:28:4:33:Infinity:undefined:undefined:undefined:undefined":0,"s:28:4:33:Infinity":9,"s:29:8:32:Infinity":10,"s:35:4:38:Infinity":11,"s:40:4:40:Infinity":12,"s:44:30:91:1":13,"f:44:30:44:35":2,"s:45:4:90:Infinity":14,"s:46:116:46:124":15,"b:48:4:53:Infinity:undefined:undefined:undefined:undefined":1,"s:48:4:53:Infinity":16,"b:48:8:48:23:48:27:48:35:48:39:48:49:48:53:48:72:48:76:48:88":2,"s:49:8:52:Infinity":17,"s:55:17:55:41":18,"s:56:32:56:68":19,"s:58:21:67:6":20,"b:63:18:63:34:63:38:63:42":3,"b:64:15:64:28:64:32:64:36":4,"b:65:23:65:44:65:48:65:52":5,"s:69:55:69:72":21,"s:71:4:75:Infinity":22,"b:77:4:82:Infinity:undefined:undefined:undefined:undefined":6,"s:77:4:82:Infinity":23,"s:78:8:81:Infinity":24,"b:83:4:88:Infinity:undefined:undefined:undefined:undefined":7,"s:83:4:88:Infinity":25,"s:84:8:87:Infinity":26,"b:86:17:86:41:86:45:86:Infinity":8,"s:89:4:89:Infinity":27,"s:93:30:182:1":28,"f:93:30:93:35":3,"s:94:4:181:Infinity":29,"s:95:19:95:29":30,"s:96:121:96:129":31,"b:98:4:103:Infinity:undefined:undefined:undefined:undefined":9,"s:98:4:103:Infinity":32,"b:98:8:98:16:98:20:98:44:98:48:98:82":10,"s:99:6:102:Infinity":33,"s:105:21:105:48":34,"b:107:4:112:Infinity:undefined:undefined:undefined:undefined":11,"s:107:4:112:Infinity":35,"s:108:8:111:Infinity":36,"s:114:28:114:48":37,"s:115:27:115:56":38,"s:116:29:116:60":39,"b:118:4:145:Infinity:undefined:undefined:undefined:undefined":12,"s:118:4:145:Infinity":40,"b:119:8:124:Infinity:undefined:undefined:undefined:undefined":13,"s:119:8:124:Infinity":41,"s:120:12:123:Infinity":42,"s:126:25:126:43":43,"s:127:20:127:30":44,"b:129:8:139:Infinity:undefined:undefined:undefined:undefined":14,"s:129:8:139:Infinity":45,"b:130:12:130:42:131:12:131:69:132:12:132:44:133:12:133:Infinity":15,"s:135:12:138:Infinity":46,"s:141:21:141:45":47,"s:142:8:142:Infinity":48,"s:143:8:143:Infinity":49,"s:144:8:144:Infinity":50,"s:147:4:158:Infinity":51,"b:148:24:148:46:148:50:148:73":16,"b:149:17:149:32:149:36:149:52":17,"b:150:19:150:36:150:40:150:58":18,"b:151:28:151:68:151:72:151:99":19,"b:152:44:152:68:152:72:152:89":20,"b:152:44:152:60:152:64:152:68":21,"b:153:38:153:59:153:63:153:77":22,"b:153:38:153:51:153:55:153:59":23,"b:154:54:154:83:154:87:154:109":24,"b:154:54:154:75:154:79:154:83":25,"s:160:55:160:72":52,"s:162:4:166:Infinity":53,"b:168:4:173:Infinity:undefined:undefined:undefined:undefined":26,"s:168:4:173:Infinity":54,"s:169:8:172:Infinity":55,"b:174:4:179:Infinity:undefined:undefined:undefined:undefined":27,"s:174:4:179:Infinity":56,"s:175:8:178:Infinity":57,"b:177:17:177:41:177:45:177:Infinity":28,"s:180:4:180:Infinity":58,"s:184:30:206:1":59,"f:184:30:184:35":4,"s:185:4:205:Infinity":60,"s:186:19:186:29":61,"s:188:21:188:48":62,"b:190:4:195:Infinity:undefined:undefined:undefined:undefined":29,"s:190:4:195:Infinity":63,"s:191:8:194:Infinity":64,"s:197:4:197:Infinity":65,"s:199:4:202:Infinity":66,"s:204:4:204:Infinity":67},"fnNames":{}}}
,"/home/redcode/Documentos/Proyecto Desarrollo/logrod_backend/src/controllers/health.controller.js": {"path":"/home/redcode/Documentos/Proyecto Desarrollo/logrod_backend/src/controllers/health.controller.js","statementMap":{"0":{"start":{"line":1,"column":25},"end":{"line":8,"column":1}},"1":{"start":{"line":2,"column":2},"end":{"line":7,"column":null}}},"fnMap":{"0":{"name":"(anonymous_0)","decl":{"start":{"line":1,"column":25},"end":{"line":1,"column":26}},"loc":{"start":{"line":1,"column":39},"end":{"line":8,"column":1}},"line":1}},"branchMap":{},"s":{"0":8,"1":1},"f":{"0":1},"b":{},"meta":{"lastBranch":0,"lastFunction":1,"lastStatement":2,"seen":{"s:1:25:8:1":0,"f:1:25:1:26":0,"s:2:2:7:Infinity":1},"fnNames":{}}}
,"/home/redcode/Documentos/Proyecto Desarrollo/logrod_backend/src/controllers/pagoController.js": {"path":"/home/redcode/Documentos/Proyecto Desarrollo/logrod_backend/src/controllers/pagoController.js","statementMap":{"0":{"start":{"line":3,"column":27},"end":{"line":26,"column":1}},"1":{"start":{"line":4,"column":4},"end":{"line":25,"column":null}},"2":{"start":{"line":5,"column":18},"end":{"line":17,"column":6}},"3":{"start":{"line":19,"column":4},"end":{"line":22,"column":null}},"4":{"start":{"line":24,"column":4},"end":{"line":24,"column":null}},"5":{"start":{"line":28,"column":27},"end":{"line":59,"column":1}},"6":{"start":{"line":29,"column":4},"end":{"line":58,"column":null}},"7":{"start":{"line":30,"column":19},"end":{"line":30,"column":29}},"8":{"start":{"line":32,"column":17},"end":{"line":43,"column":6}},"9":{"start":{"line":45,"column":4},"end":{"line":50,"column":null}},"10":{"start":{"line":46,"column":8},"end":{"line":49,"column":null}},"11":{"start":{"line":52,"column":4},"end":{"line":55,"column":null}},"12":{"start":{"line":57,"column":4},"end":{"line":57,"column":null}},"13":{"start":{"line":61,"column":31},"end":{"line":88,"column":1}},"14":{"start":{"line":62,"column":4},"end":{"line":87,"column":null}},"15":{"start":{"line":63,"column":25},"end":{"line":63,"column":35}},"16":{"start":{"line":65,"column":17},"end":{"line":72,"column":6}},"17":{"start":{"line":74,"column":4},"end":{"line":79,"column":null}},"18":{"start":{"line":75,"column":8},"end":{"line":78,"column":null}},"19":{"start":{"line":81,"column":4},"end":{"line":84,"column":null}},"20":{"start":{"line":86,"column":4},"end":{"line":86,"column":null}},"21":{"start":{"line":90,"column":26},"end":{"line":190,"column":1}},"22":{"start":{"line":91,"column":4},"end":{"line":189,"column":null}},"23":{"start":{"line":92,"column":80},"end":{"line":92,"column":88}},"24":{"start":{"line":94,"column":4},"end":{"line":99,"column":null}},"25":{"start":{"line":95,"column":8},"end":{"line":98,"column":null}},"26":{"start":{"line":101,"column":4},"end":{"line":106,"column":null}},"27":{"start":{"line":102,"column":8},"end":{"line":105,"column":null}},"28":{"start":{"line":108,"column":27},"end":{"line":108,"column":67}},"29":{"start":{"line":109,"column":4},"end":{"line":114,"column":null}},"30":{"start":{"line":110,"column":8},"end":{"line":113,"column":null}},"31":{"start":{"line":116,"column":24},"end":{"line":116,"column":45}},"32":{"start":{"line":117,"column":27},"end":{"line":117,"column":65}},"33":{"start":{"line":118,"column":4},"end":{"line":123,"column":null}},"34":{"start":{"line":119,"column":8},"end":{"line":122,"column":null}},"35":{"start":{"line":125,"column":19},"end":{"line":125,"column":51}},"36":{"start":{"line":126,"column":4},"end":{"line":131,"column":null}},"37":{"start":{"line":127,"column":8},"end":{"line":130,"column":null}},"38":{"start":{"line":133,"column":4},"end":{"line":138,"column":null}},"39":{"start":{"line":134,"column":8},"end":{"line":137,"column":null}},"40":{"start":{"line":140,"column":4},"end":{"line":145,"column":null}},"41":{"start":{"line":141,"column":8},"end":{"line":144,"column":null}},"42":{"start":{"line":147,"column":4},"end":{"line":152,"column":null}},"43":{"start":{"line":148,"column":8},"end":{"line":151,"column":null}},"44":{"start":{"line":154,"column":26},"end":{"line":154,"column":70}},"45":{"start":{"line":155,"column":4},"end":{"line":160,"column":null}},"46":{"start":{"line":156,"column":8},"end":{"line":159,"column":null}},"47":{"start":{"line":162,"column":17},"end":{"line":166,"column":6}},"48":{"start":{"line":168,"column":23},"end":{"line":174,"column":6}},"49":{"start":{"line":176,"column":4},"end":{"line":180,"column":null}},"50":{"start":{"line":182,"column":4},"end":{"line":187,"column":null}},"51":{"start":{"line":183,"column":8},"end":{"line":186,"column":null}},"52":{"start":{"line":188,"column":4},"end":{"line":188,"column":null}},"53":{"start":{"line":192,"column":26},"end":{"line":290,"column":1}},"54":{"start":{"line":193,"column":4},"end":{"line":289,"column":null}},"55":{"start":{"line":194,"column":19},"end":{"line":194,"column":29}},"56":{"start":{"line":195,"column":69},"end":{"line":195,"column":77}},"57":{"start":{"line":197,"column":17},"end":{"line":199,"column":6}},"58":{"start":{"line":201,"column":4},"end":{"line":206,"column":null}},"59":{"start":{"line":202,"column":8},"end":{"line":205,"column":null}},"60":{"start":{"line":208,"column":4},"end":{"line":213,"column":null}},"61":{"start":{"line":209,"column":8},"end":{"line":212,"column":null}},"62":{"start":{"line":215,"column":4},"end":{"line":220,"column":null}},"63":{"start":{"line":216,"column":8},"end":{"line":219,"column":null}},"64":{"start":{"line":222,"column":4},"end":{"line":229,"column":null}},"65":{"start":{"line":223,"column":8},"end":{"line":228,"column":null}},"66":{"start":{"line":224,"column":8},"end":{"line":227,"column":null}},"67":{"start":{"line":231,"column":4},"end":{"line":239,"column":null}},"68":{"start":{"line":232,"column":31},"end":{"line":232,"column":71}},"69":{"start":{"line":233,"column":8},"end":{"line":238,"column":null}},"70":{"start":{"line":234,"column":8},"end":{"line":237,"column":null}},"71":{"start":{"line":241,"column":4},"end":{"line":261,"column":null}},"72":{"start":{"line":242,"column":31},"end":{"line":242,"column":69}},"73":{"start":{"line":243,"column":8},"end":{"line":248,"column":null}},"74":{"start":{"line":244,"column":8},"end":{"line":247,"column":null}},"75":{"start":{"line":250,"column":8},"end":{"line":260,"column":null}},"76":{"start":{"line":251,"column":29},"end":{"line":253,"column":10}},"77":{"start":{"line":254,"column":8},"end":{"line":259,"column":null}},"78":{"start":{"line":255,"column":12},"end":{"line":258,"column":null}},"79":{"start":{"line":263,"column":4},"end":{"line":272,"column":null}},"80":{"start":{"line":274,"column":28},"end":{"line":280,"column":6}},"81":{"start":{"line":282,"column":4},"end":{"line":286,"column":null}},"82":{"start":{"line":288,"column":4},"end":{"line":288,"column":null}},"83":{"start":{"line":292,"column":26},"end":{"line":314,"column":1}},"84":{"start":{"line":293,"column":4},"end":{"line":313,"column":null}},"85":{"start":{"line":294,"column":19},"end":{"line":294,"column":29}},"86":{"start":{"line":296,"column":17},"end":{"line":296,"column":40}},"87":{"start":{"line":298,"column":4},"end":{"line":303,"column":null}},"88":{"start":{"line":299,"column":8},"end":{"line":302,"column":null}},"89":{"start":{"line":305,"column":4},"end":{"line":305,"column":null}},"90":{"start":{"line":307,"column":4},"end":{"line":310,"column":null}},"91":{"start":{"line":312,"column":4},"end":{"line":312,"column":null}}},"fnMap":{"0":{"name":"(anonymous_0)","decl":{"start":{"line":3,"column":27},"end":{"line":3,"column":32}},"loc":{"start":{"line":3,"column":53},"end":{"line":26,"column":1}},"line":3},"1":{"name":"(anonymous_1)","decl":{"start":{"line":28,"column":27},"end":{"line":28,"column":32}},"loc":{"start":{"line":28,"column":53},"end":{"line":59,"column":1}},"line":28},"2":{"name":"(anonymous_2)","decl":{"start":{"line":61,"column":31},"end":{"line":61,"column":36}},"loc":{"start":{"line":61,"column":57},"end":{"line":88,"column":1}},"line":61},"3":{"name":"(anonymous_3)","decl":{"start":{"line":90,"column":26},"end":{"line":90,"column":31}},"loc":{"start":{"line":90,"column":52},"end":{"line":190,"column":1}},"line":90},"4":{"name":"(anonymous_4)","decl":{"start":{"line":192,"column":26},"end":{"line":192,"column":31}},"loc":{"start":{"line":192,"column":52},"end":{"line":290,"column":1}},"line":192},"5":{"name":"(anonymous_5)","decl":{"start":{"line":292,"column":26},"end":{"line":292,"column":31}},"loc":{"start":{"line":292,"column":52},"end":{"line":314,"column":1}},"line":292}},"branchMap":{"0":{"loc":{"start":{"line":45,"column":4},"end":{"line":50,"column":null}},"type":"if","locations":[{"start":{"line":45,"column":4},"end":{"line":50,"column":null}},{"start":{},"end":{}}],"line":45},"1":{"loc":{"start":{"line":74,"column":4},"end":{"line":79,"column":null}},"type":"if","locations":[{"start":{"line":74,"column":4},"end":{"line":79,"column":null}},{"start":{},"end":{}}],"line":74},"2":{"loc":{"start":{"line":94,"column":4},"end":{"line":99,"column":null}},"type":"if","locations":[{"start":{"line":94,"column":4},"end":{"line":99,"column":null}},{"start":{},"end":{}}],"line":94},"3":{"loc":{"start":{"line":94,"column":8},"end":{"line":94,"column":67}},"type":"binary-expr","locations":[{"start":{"line":94,"column":8},"end":{"line":94,"column":18}},{"start":{"line":94,"column":22},"end":{"line":94,"column":28}},{"start":{"line":94,"column":32},"end":{"line":94,"column":51}},{"start":{"line":94,"column":55},"end":{"line":94,"column":67}}],"line":94},"4":{"loc":{"start":{"line":101,"column":4},"end":{"line":106,"column":null}},"type":"if","locations":[{"start":{"line":101,"column":4},"end":{"line":106,"column":null}},{"start":{},"end":{}}],"line":101},"5":{"loc":{"start":{"line":109,"column":4},"end":{"line":114,"column":null}},"type":"if","locations":[{"start":{"line":109,"column":4},"end":{"line":114,"column":null}},{"start":{},"end":{}}],"line":109},"6":{"loc":{"start":{"line":116,"column":24},"end":{"line":116,"column":45}},"type":"binary-expr","locations":[{"start":{"line":116,"column":24},"end":{"line":116,"column":30}},{"start":{"line":116,"column":34},"end":{"line":116,"column":45}}],"line":116},"7":{"loc":{
[...]
,"/home/redcode/Documentos/Proyecto Desarrollo/logrod_backend/src/models/DetallePedido.js": {"path":"/home/redcode/Documentos/Proyecto Desarrollo/logrod_backend/src/models/DetallePedido.js","statementMap":{"0":{"start":{"line":6,"column":0},"end":{"line":46,"column":null}}},"fnMap":{},"branchMap":{},"s":{"0":0},"f":{},"b":{},"meta":{"lastBranch":0,"lastFunction":0,"lastStatement":1,"seen":{"s:6:0:46:Infinity":0},"fnNames":{}}}
,"/home/redcode/Documentos/Proyecto Desarrollo/logrod_backend/src/models/Empleado.js": {"path":"/home/redcode/Documentos/Proyecto Desarrollo/logrod_backend/src/models/Empleado.js","statementMap":{"0":{"start":{"line":6,"column":0},"end":{"line":62,"column":null}}},"fnMap":{},"branchMap":{},"s":{"0":0},"f":{},"b":{},"meta":{"lastBranch":0,"lastFunction":0,"lastStatement":1,"seen":{"s:6:0:62:Infinity":0},"fnNames":{}}}
,"/home/redcode/Documentos/Proyecto Desarrollo/logrod_backend/src/models/Pago.js": {"path":"/home/redcode/Documentos/Proyecto Desarrollo/logrod_backend/src/models/Pago.js","statementMap":{"0":{"start":{"line":6,"column":0},"end":{"line":47,"column":null}}},"fnMap":{},"branchMap":{},"s":{"0":0},"f":{},"b":{},"meta":{"lastBranch":0,"lastFunction":0,"lastStatement":1,"seen":{"s:6:0:47:Infinity":0},"fnNames":{}}}
,"/home/redcode/Documentos/Proyecto Desarrollo/logrod_backend/src/models/Pedido.js": {"path":"/home/redcode/Documentos/Proyecto Desarrollo/logrod_backend/src/models/Pedido.js","statementMap":{"0":{"start":{"line":6,"column":0},"end":{"line":63,"column":null}}},"fnMap":{},"branchMap":{},"s":{"0":0},"f":{},"b":{},"meta":{"lastBranch":0,"lastFunction":0,"lastStatement":1,"seen":{"s:6:0:63:Infinity":0},"fnNames":{}}}
,"/home/redcode/Documentos/Proyecto Desarrollo/logrod_backend/src/models/Producto.js": {"path":"/home/redcode/Documentos/Proyecto Desarrollo/logrod_backend/src/models/Producto.js","statementMap":{"0":{"start":{"line":6,"column":0},"end":{"line":56,"column":null}}},"fnMap":{},"branchMap":{},"s":{"0":0},"f":{},"b":{},"meta":{"lastBranch":0,"lastFunction":0,"lastStatement":1,"seen":{"s:6:0:56:Infinity":0},"fnNames":{}}}
,"/home/redcode/Documentos/Proyecto Desarrollo/logrod_backend/src/models/index.js": {"path":"/home/redcode/Documentos/Proyecto Desarrollo/logrod_backend/src/models/index.js","statementMap":{"0":{"start":{"line":13,"column":0},"end":{"line":13,"column":null}},"1":{"start":{"line":14,"column":0},"end":{"line":14,"column":null}},"2":{"start":{"line":17,"column":0},"end":{"line":17,"column":null}},"3":{"start":{"line":18,"column":0},"end":{"line":18,"column":null}},"4":{"start":{"line":21,"column":0},"end":{"line":21,"column":null}},"5":{"start":{"line":22,"column":0},"end":{"line":22,"column":null}},"6":{"start":{"line":25,"column":0},"end":{"line":25,"column":null}},"7":{"start":{"line":26,"column":0},"end":{"line":26,"column":null}},"8":{"start":{"line":29,"column":0},"end":{"line":29,"column":null}},"9":{"start":{"line":30,"column":0},"end":{"line":30,"column":null}},"10":{"start":{"line":33,"column":0},"end":{"line":33,"column":null}},"11":{"start":{"line":34,"column":0},"end":{"line":34,"column":null}},"12":{"start":{"line":37,"column":0},"end":{"line":42,"column":null}},"13":{"start":{"line":43,"column":0},"end":{"line":48,"column":null}},"14":{"start":{"line":51,"column":0},"end":{"line":51,"column":null}},"15":{"start":{"line":52,"column":0},"end":{"line":52,"column":null}}},"fnMap":{},"branchMap":{},"s":{"0":0,"1":0,"2":0,"3":0,"4":0,"5":0,"6":0,"7":0,"8":0,"9":0,"10":0,"11":0,"12":0,"13":0,"14":0,"15":0},"f":{},"b":{},"meta":{"lastBranch":0,"lastFunction":0,"lastStatement":16,"seen":{"s:13:0:13:Infinity":0,"s:14:0:14:Infinity":1,"s:17:0:17:Infinity":2,"s:18:0:18:Infinity":3,"s:21:0:21:Infinity":4,"s:22:0:22:Infinity":5,"s:25:0:25:Infinity":6,"s:26:0:26:Infinity":7,"s:29:0:29:Infinity":8,"s:30:0:30:Infinity":9,"s:33:0:33:Infinity":10,"s:34:0:34:Infinity":11,"s:37:0:42:Infinity":12,"s:43:0:48:Infinity":13,"s:51:0:51:Infinity":14,"s:52:0:52:Infinity":15},"fnNames":{}}}
,"/home/redcode/Documentos/Proyecto Desarrollo/logrod_backend/src/routes/authRoutes.js": {"path":"/home/redcode/Documentos/Proyecto Desarrollo/logrod_backend/src/routes/authRoutes.js","statementMap":{"0":{"start":{"line":4,"column":15},"end":{"line":4,"column":23}},"1":{"start":{"line":6,"column":0},"end":{"line":6,"column":null}},"2":{"start":{"line":7,"column":0},"end":{"line":7,"column":null}},"3":{"start":{"line":8,"column":0},"end":{"line":8,"column":null}}},"fnMap":{},"branchMap":{},"s":{"0":8,"1":8,"2":8,"3":8},"f":{},"b":{},"meta":{"lastBranch":0,"lastFunction":0,"lastStatement":4,"seen":{"s:4:15:4:23":0,"s:6:0:6:Infinity":1,"s:7:0:7:Infinity":2,"s:8:0:8:Infinity":3},"fnNames":{}}}
,"/home/redcode/Documentos/Proyecto Desarrollo/logrod_backend/src/routes/categoriaRoutes.js": {"path":"/home/redcode/Documentos/Proyecto Desarrollo/logrod_backend/src/routes/categoriaRoutes.js","statementMap":{"0":{"start":{"line":6,"column":15},"end":{"line":6,"column":23}},"1":{"start":{"line":8,"column":0},"end":{"line":8,"column":null}},"2":{"start":{"line":9,"column":0},"end":{"line":9,"column":null}},"3":{"start":{"line":10,"column":0},"end":{"line":10,"column":null}},"4":{"start":{"line":11,"column":0},"end":{"line":11,"column":null}},"5":{"start":{"line":12,"column":0},"end":{"line":12,"column":null}}},"fnMap":{},"branchMap":{},"s":{"0":8,"1":8,"2":8,"3":8,"4":8,"5":8},"f":{},"b":{},"meta":{"lastBranch":0,"lastFunction":0,"lastStatement":6,"seen":{"s:6:15:6:23":0,"s:8:0:8:Infinity":1,"s:9:0:9:Infinity":2,"s:10:0:10:Infinity":3,"s:11:0:11:Infinity":4,"s:12:0:12:Infinity":5},"fnNames":{}}}
,"/home/redcode/Documentos/Proyecto Desarrollo/logrod_backend/src/routes/clienteRoutes.js": {"path":"/home/redcode/Documentos/Proyecto Desarrollo/logrod_backend/src/routes/clienteRoutes.js","statementMap":{"0":{"start":{"line":5,"column":15},"end":{"line":5,"column":23}},"1":{"start":{"line":7,"column":0},"end":{"line":7,"column":null}},"2":{"start":{"line":8,"column":0},"end":{"line":8,"column":null}},"3":{"start":{"line":9,"column":0},"end":{"line":9,"column":null}},"4":{"start":{"line":10,"column":0},"end":{"line":10,"column":null}},"5":{"start":{"line":11,"column":0},"end":{"line":11,"column":null}}},"fnMap":{},"branchMap":{},"s":{"0":8,"1":8,"2":8,"3":8,"4":8,"5":8},"f":{},"b":{},"meta":{"lastBranch":0,"lastFunction":0,"lastStatement":6,"seen":{"s:5:15:5:23":0,"s:7:0:7:Infinity":1,"s:8:0:8:Infinity":2,"s:9:0:9:Infinity":3,"s:10:0:10:Infinity":4,"s:11:0:11:Infinity":5},"fnNames":{}}}
,"/home/redcode/Documentos/Proyecto Desarrollo/logrod_backend/src/routes/empleadoRoutes.js": {"path":"/home/redcode/Documentos/Proyecto Desarrollo/logrod_backend/src/routes/empleadoRoutes.js","statementMap":{"0":{"start":{"line":5,"column":15},"end":{"line":5,"column":23}},"1":{"start":{"line":7,"column":0},"end":{"line":7,"column":null}},"2":{"start":{"line":9,"column":0},"end":{"line":9,"column":null}},"3":{"start":{"line":10,"column":0},"end":{"line":10,"column":null}},"4":{"start":{"line":11,"column":0},"end":{"line":11,"column":null}},"5":{"start":{"line":12,"column":0},"end":{"line":12,"column":null}},"6":{"start":{"line":13,"column":0},"end":{"line":13,"column":null}}},"fnMap":{},"branchMap":{},"s":{"0":8,"1":8,"2":8,"3":8,"4":8,"5":8,"6":8},"f":{},"b":{},"meta":{"lastBranch":0,"lastFunction":0,"lastStatement":7,"seen":{"s:5:15:5:23":0,"s:7:0:7:Infinity":1,"s:9:0:9:Infinity":2,"s:10:0:10:Infinity":3,"s:11:0:11:Infinity":4,"s:12:0:12:Infinity":5,"s:13:0:13:Infinity":6},"fnNames":{}}}
,"/home/redcode/Documentos/Proyecto Desarrollo/logrod_backend/src/routes/health.routes.js": {"path":"/home/redcode/Documentos/Proyecto Desarrollo/logrod_backend/src/routes/health.routes.js","statementMap":{"0":{"start":{"line":4,"column":15},"end":{"line":4,"column":23}},"1":{"start":{"line":6,"column":0},"end":{"line":6,"column":null}}},"fnMap":{},"branchMap":{},"s":{"0":8,"1":8},"f":{},"b":{},"meta":{"lastBranch":0,"lastFunction":0,"lastStatement":2,"seen":{"s:4:15:4:23":0,"s:6:0:6:Infinity":1},"fnNames":{}}}
,"/home/redcode/Documentos/Proyecto Desarrollo/logrod_backend/src/routes/index.js": {"path":"/home/redcode/Documentos/Proyecto Desarrollo/logrod_backend/src/routes/index.js","statementMap":{"0":{"start":{"line":11,"column":15},"end":{"line":11,"column":23}},"1":{"start":{"line":13,"column":0},"end":{"line":13,"column":null}},"2":{"start":{"line":14,"column":0},"end":{"line":14,"column":null}},"3":{"start":{"line":15,"column":0},"end":{"line":15,"column":null}},"4":{"start":{"line":16,"column":0},"end":{"line":16,"column":null}},"5":{"start":{"line":17,"column":0},"end":{"line":17,"column":null}},"6":{"start":{"line":18,"column":0},"end":{"line":18,"column":null}},"7":{"start":{"line":19,"column":0},"end":{"line":19,"column":null}},"8":{"start":{"line":20,"column":0},"end":{"line":20,"column":null}}},"fnMap":{},"branchMap":{},"s":{"0":8,"1":8,"2":8,"3":8,"4":8,"5":8,"6":8,"7":8,"8":8},"f":{},"b":{},"meta":{"lastBranch":0,"lastFunction":0,"lastStatement":9,"seen":{"s:11:15:11:23":0,"s:13:0:13:Infinity":1,"s:14:0:14:Infinity":2,"s:15:0:15:Infinity":3,"s:16:0:16:Infinity":4,"s:17:0:17:Infinity":5,"s:18:0:18:Infinity":6,"s:19:0:19:Infinity":7,"s:20:0:20:Infinity":8},"fnNames":{}}}
,"/home/redcode/Documentos/Proyecto Desarrollo/logrod_backend/src/routes/pagoRoutes.js": {"path":"/home/redcode/Documentos/Proyecto Desarrollo/logrod_backend/src/routes/pagoRoutes.js","statementMap":{"0":{"start":{"line":5,"column":15},"end":{"line":5,"column":23}},"1":{"start":{"line":7,"column":0},"end":{"line":7,"column":null}},"2":{"start":{"line":9,"column":0},"end":{"line":9,"column":null}},"3":{"start":{"line":10,"column":0},"end":{"line":10,"column":null}},"4":{"start":{"line":11,"column":0},"end":{"line":11,"column":null}},"5":{"start":{"line":12,"column":0},"end":{"line":12,"column":null}},"6":{"start":{"line":13,"column":0},"end":{"line":13,"column":null}},"7":{"start":{"line":14,"column":0},"end":{"line":14,"column":null}}},"fnMap":{},"branchMap":{},"s":{"0":8,"1":8,"2":8,"3":8,"4":8,"5":8,"6":8,"7":8},"f":{},"b":{},"meta":{"lastBranch":0,"lastFunction":0,"lastStatement":8,"seen":{"s:5:15:5:23":0,"s:7:0:7:Infinity":1,"s:9:0:9:Infinity":2,"s:10:0:10:Infinity":3,"s:11:0:11:Infinity":4,"s:12:0:12:Infinity":5,"s:13:0:13:Infinity":6,"s:14:0:14:Infinity":7},"fnNames":{}}}
,"/home/redcode/Documentos/Proyecto Desarrollo/logrod_backend/src/routes/pedidoRoutes.js": {"path":"/home/redcode/Documentos/Proyecto Desarrollo/logrod_backend/src/routes/pedidoRoutes.js","statementMap":{"0":{"start":{"line":5,"column":15},"end":{"line":5,"column":23}},"1":{"start":{"line":7,"column":0},"end":{"line":7,"column":null}},"2":{"start":{"line":9,"column":0},"end":{"line":9,"column":null}},"3":{"start":{"line":10,"column":0},"end":{"line":10,"column":null}},"4":{"start":{"line":11,"column":0},"end":{"line":11,"column":null}},"5":{"start":{"line":12,"column":0},"end":{"line":12,"column":null}},"6":{"start":{"line":13,"column":0},"end":{"line":13,"column":null}},"7":{"start":{"line":14,"column":0},"end":{"line":14,"column":null}}},"fnMap":{},"branchMap":{},"s":{"0":8,"1":8,"2":8,"3":8,"4":8,"5":8,"6":8,"7":8},"f":{},"b":{},"meta":{"lastBranch":0,"lastFunction":0,"lastStatement":8,"seen":{"s:5:15:5:23":0,"s:7:0:7:Infinity":1,"s:9:0:9:Infinity":2,"s:10:0:10:Infinity":3,"s:11:0:11:Infinity":4,"s:12:0:12:Infinity":5,"s:13:0:13:Infinity":6,"s:14:0:14:Infinity":7},"fnNames":{}}}
,"/home/redcode/Documentos/Proyecto Desarrollo/logrod_backend/src/routes/productoRoutes.js": {"path":"/home/redcode/Documentos/Proyecto Desarrollo/logrod_backend/src/routes/productoRoutes.js","statementMap":{"0":{"start":{"line":6,"column":15},"end":{"line":6,"column":23}},"1":{"start":{"line":8,"column":0},"end":{"line":8,"column":null}},"2":{"start":{"line":9,"column":0},"end":{"line":9,"column":null}},"3":{"start":{"line":10,"column":0},"end":{"line":10,"column":null}},"4":{"start":{"line":11,"column":0},"end":{"line":11,"column":null}},"5":{"start":{"line":12,"column":0},"end":{"line":12,"column":null}},"6":{"start":{"line":13,"column":0},"end":{"line":13,"column":null}}},"fnMap":{},"branchMap":{},"s":{"0":8,"1":8,"2":8,"3":8,"4":8,"5":8,"6":8},"f":{},"b":{},"meta":{"lastBranch":0,"lastFunction":0,"lastStatement":7,"seen":{"s:6:15:6:23":0,"s:8:0:8:Infinity":1,"s:9:0:9:Infinity":2,"s:10:0:10:Infinity":3,"s:11:0:11:Infinity":4,"s:12:0:12:Infinity":5,"s:13:0:13:Infinity":6},"fnNames":{}}}
,"/home/redcode/Documentos/Proyecto Desarrollo/logrod_backend/src/services/emailService.js": {"path":"/home/redcode/Documentos/Proyecto Desarrollo/logrod_backend/src/services/emailService.js","statementMap":{"0":{"start":{"line":5,"column":26},"end":{"line":15,"column":1}},"1":{"start":{"line":6,"column":2},"end":{"line":14,"column":null}},"2":{"start":{"line":23,"column":38},"end":{"line":220,"column":1}},"3":{"start":{"line":25,"column":22},"end":{"line":152,"column":3}},"4":{"start":{"line":155,"column":2},"end":{"line":196,"column":null}},"5":{"start":{"line":156,"column":4},"end":{"line":195,"column":null}},"6":{"start":{"line":158,"column":24},"end":{"line":158,"column":76}},"7":{"start":{"line":159,"column":23},"end":{"line":159,"column":42}},"8":{"start":{"line":161,"column":6},"end":{"line":167,"column":null}},"9":{"start":{"line":162,"column":22},"end":{"line":162,"column":77}},"10":{"start":{"line":163,"column":8},"end":{"line":166,"column":null}},"11":{"start":{"line":164,"column":10},"end":{"line":164,"column":null}},"12":{"start":{"line":164,"column":24},"end":{"line":164,"column":null}},"13":{"start":{"line":165,"column":10},"end":{"line":165,"column":null}},"14":{"start":{"line":165,"column":24},"end":{"line":165,"column":null}},"15":{"start":{"line":169,"column":23},"end":{"line":182,"column":8}},"16":{"start":{"line":184,"column":19},"end":{"line":184,"column":40}},"17":{"start":{"line":185,"column":6},"end":{"line":191,"column":null}},"18":{"start":{"line":186,"column":8},"end":{"line":186,"column":null}},"19":{"start":{"line":187,"column":8},"end":{"line":187,"column":null}},"20":{"start":{"line":189,"column":8},"end":{"line":189,"column":null}},"21":{"start":{"line":190,"column":8},"end":{"line":190,"column":null}},"22":{"start":{"line":193,"column":6},"end":{"line":193,"column":null}},"23":{"start":{"line":194,"column":6},"end":{"line":194,"column":null}},"24":{"start":{"line":199,"column":2},"end":{"line":206,"column":null}},"25":{"start":{"line":200,"column":4},"end":{"line":200,"column":null}},"26":{"start":{"line":201,"column":4},"end":{"line":201,"column":null}},"27":{"start":{"line":202,"column":4},"end":{"line":202,"column":null}},"28":{"start":{"line":203,"column":4},"end":{"line":203,"column":null}},"29":{"start":{"line":204,"column":4},"end":{"line":204,"column":null}},"30":{"start":{"line":205,"column":4},"end":{"line":205,"column":null}},"31":{"start":{"line":208,"column":22},"end":{"line":208,"column":41}},"32":{"start":{"line":210,"column":22},"end":{"line":215,"column":3}},"33":{"start":{"line":217,"column":15},"end":{"line":217,"column":54}},"34":{"start":{"line":218,"column":2},"end":{"line":218,"column":null}},"35":{"start":{"line":219,"column":2},"end":{"line":219,"column":null}}},"fnMap":{"0":{"name":"(anonymous_0)","decl":{"start":{"line":5,"column":26},"end":{"line":5,"column":27}},"loc":{"start":{"line":5,"column":32},"end":{"line":15,"column":1}},"line":5},"1":{"name":"(anonymous_1)","decl":{"start":{"line":23,"column":38},"end":{"line":23,"column":43}},"loc":{"start":{"line":23,"column":65},"end":{"line":220,"column":1}},"line":23}},"branchMap":{"0":{"loc":{"start":{"line":155,"column":2},"end":{"line":196,"column":null}},"type":"if","locations":[{"start":{"line":155,"column":2},"end":{"line":196,"column":null}},{"start":{},"end":{}}],"line":155},"1":{"loc":{"start":{"line":158,"column":24},"end":{"line":158,"column":76}},"type":"binary-expr","locations":[{"start":{"line":158,"column":24},"end":{"line":158,"column":54}},{"start":{"line":158,"column":58},"end":{"line":158,"column":76}}],"line":158},"2":{"loc":{"start":{"line":161,"column":6},"end":{"line":167,"column":null}},"type":"if","locations":[{"start":{"line":161,"column":6},"end":{"line":167,"column":null}},{"start":{},"end":{}}],"line":161},"3":{"loc":{"start":{"line":163,"column":8},"end":{"line":166,"column":null}},"type":"if","locations":[{"start":{"line":163,"column":8},"end":{"line":166,"column":null}},{"start":{},"end":{}}],"line":163},"4":{"loc":{"start":{"line":164,"column":10},"end":{"line":164,"column":null}},"type":"if","locations":[{"start":{"line":164,"column":10},"end":{"line":164,"column":null}},{"start":{},"end":{}}],"line":164},"5":{"loc":{"start":{"line":165,"column":10},"end":{"line":165,"column":null}},"type":"if","locations":[{"start":{"line":165,"column":10},"end":{"line":165,"column":null}},{"start":{},"end":{}}],"line":165},"6":{"loc":{"start":{"line":185,"column":6},"end":{"line":191,"column":null}},"type":"if","locations":[{"start":{"line":185,"column":6},"end":{"line":191,"column":null}},{"start":{"line":188,"column":13},"end":{"line":191,"column":null}}],"line":185},"7":{"loc":{"start":{"line":190,"column":65},"end":{"line":190,"column":101}},"type":"binary-expr","locations":[{"start":{"line":190,"column":65},"end":{"line":190,"column":77}},{"start":{"line":190,"column":81},"end":{"line":190,"column":101}}],"line":190},"8":{"loc":{"start":{"line":199,"column":2},"end":{"line":206,"column":null}},"type":"if","locations":[{"start":{"line":199,"column":2},"end":{"line":206,"column":null}},{"start":{},"end":{}}],"line":199},"9":{"loc":{"start":{"line":199,"column":6},"end":{"line":199,"column":42}},"type":"binary-expr","locations":[{"start":{"line":199,"column":6},"end":{"line":199,"column":22}},{"start":{"line":199,"column":26},"end":{"line":199,"column":42}}],"line":199}},"s":{"0":8,"1":1,"2":8,"3":4,"4":4,"5":2,"6":2,"7":2,"8":2,"9":2,"10":2,"11":2,"12":2,"13":2,"14":2,"15":2,"16":2,"17":2,"18":1,"19":1,"20":1,"21":1,"22":1,"23":1,"24":2,"25":1,"26":1,"27":1,"28":1,"29":1,"30":1,"31":1,"32":1,"33":1,"34":1,"35":1},"f":{"0":1,"1":4},"b":{"0":[2,2],"1":[2,2],"2":[2,0],"3":[2,0],"4":[2,0],"5":[2,0],"6":[1,1],"7":[1,0],"8":[1,1],"9":[2,1]},"meta":{"lastBranch":10,"lastFunction":2,"lastStatement":36,"seen":{"s:5:26:15:1":0,"f:5:26:5:27":0,"s:6:2:14:Infinity":1,"s:23:38:220:1":2,"f:23:38:23:43":1,"s:25:22:152:3":3,"b:155:2:196:Infinity:undefined:undefined:undefined:undefined":0,"s:155:2:196:Infinity":4,"s:156:4:195:Infinity":5,"s:158:24:158:76":6,"b:158:24:158:54:158:58:158:76":1,"s:159:23:159:42":7,"b:161:6:167:Infinity:undefined:undefined:undefined:undefined":2,"s:161:6:167:Infinity":8,"s:162:22:162:77":9,"b:163:8:166:Infinity:undefined:undefined:undefined:undefined":3,"s:163:8:166:Infinity":10,"b:164:10:164:Infinity:undefined:undefined:undefined:undefined":4,"s:164:10:164:Infinity":11,"s:164:24:164:Infinity":12,"b:165:10:165:Infinity:undefined:undefined:undefined:undefined":5,"s:165:10:165:Infinity":13,"s:165:24:165:Infinity":14,"s:169:23:182:8":15,"s:184:19:184:40":16,"b:185:6:191:Infinity:188:13:191:Infinity":6,"s:185:6:191:Infinity":17,"s:186:8:186:Infinity":18,"s:187:8:187:Infinity":19,"s:189:8:189:Infinity":20,"s:190:8:190:Infinity":21,"b:190:65:190:77:190:81:190:101":7,"s:193:6:193:Infinity":22,"s:194:6:194:Infinity":23,"b:199:2:206:Infinity:undefined:undefined:undefined:undefined":8,"s:199:2:206:Infinity":24,"b:199:6:199:22:199:26:199:42":9,"s:200:4:200:Infinity":25,"s:201:4:201:Infinity":26,"s:202:4:202:Infinity":27,"s:203:4:203:Infinity":28,"s:204:4:204:Infinity":29,"s:205:4:205:Infinity":30,"s:208:22:208:41":31,"s:210:22:215:3":32,"s:217:15:217:54":33,"s:218:2:218:Infinity":34,"s:219:2:219:Infinity":35},"fnNames":{}}}
}
